Script started on 2022-11-13 09:39:01-03:00 [TERM="xterm-256color" TTY="/dev/pts/3" COLUMNS="117" LINES="13"]
-------------------- BASE DE DADOS ---------------------------------------------------------
psql -h 18.230.110.66 -U ecidade -d marica_ontem
psql -h 10.135.16.168 -U ecidade -d marica_ontem
bash: =: Ficheiro ou pasta inexistente
psql -U ecidade -d marica_folha -h 18.230.110.66 -p 5432
psql -U ecidade -d marica_sprint -h 10.135.16.47 -p 5432
psql -U ecidade -d postgres -h 10.135.16.47 -p 5432
psql -U ecidade -d marica_dicionario_dados -h 10.135.16.47
psql -U ecidade -p 5432 marica_acount -h homolog.libresolucoes.com.br
---------------------- BASE DE DADOS NFS-e -------------------------------------------------
export PGPASSWORD=fksmdio@sd!A3
psql -U libre -d marica_nfse_sprint -h 10.135.16.62 -p 6432
psql -U libre -d marica_nfse_prod -h 10.135.16.62 -p 6432
psql -U libre -d marica_nfse_ontem -h 10.6.60.130 -p 6433
psql -U libre -d marica_nfse_dev2 -h 10.135.16.9 -p 5434
---------------------- SERVIDOR DE HOMOLOG -------------------------------------------------
Acesso ao Servidor: ssh -p 22484 admlibre@homolog.libresolucoes.com.br/Senha: ScOVAlYMbb8Z
--------------------- BASE DE HOMOLOG ------------------------------------------------------
psql -U ecidade -h homolog.libresolucoes.com.br -p 5432 -d marica_dev
psql -U nfse -h homolog.libresolucoes.com.br -p 5433 -d nfse
psql -U nfse -h homolog.libresolucoes.com.br -p 5433 -d nfse_dev
Senha: Ri3ZCzQytLCo
export PGPASSWORD=Ri3ZCzQytLCo
--------------------- SETE LAGOAS ---------------------------------------------------------
psql -U ecidade -h 200.225.247.195 -d setelagoas_hml_10082022
export PGPASSWORD=ecidade
--------------------------------------------------------------------------------------------
Executar migrate e-cidade:
vendor/bin/phinx migrate
--------------------------------------------------------------------------------------------
Executar migrate NFS-e:
php bin/ruckus.php db:migrate
--------------------------------------------------------------------------------------------
Executar o nota:
nfsc
--------------------------------------------------------------------------------------------
Ver base ontem ou sprint:
retaguarda
sprint
--------------------------------------------------------------------------------------------
localhost
--------------------------------------------------------------------------------------------
clone
--------------------------------------------------------------------------------------------
Mudar de php:
mudar_php
--------------------------------------------------------------------------------------------
mudar base:
mudar_base ontem
mudar_base sprint
]0;andregoro@andregoro-PC3: /var/www/html/TDD_PHP[01;32mandregoro@andregoro-PC3[00m:[01;34m/var/www/html/TDD_PHP[00m$ psql -U ecidade -h 200.225.247.145 -d setelagoas_21102022 -p 6432[C[C[C[C[C[C[C[C[C[C[C[C[C[C[C[C[C[C[C[C[C[C[C[C[C[C[C[C[C[C[C[C[C[C[C[C[C[C[C[C[C[C[C[C[C[C[C[29Pexport PGPASSWORD=Im9MFQ4gUyi8QHnpGdpsql -U ecidade -h 200.225.247.145 -d setelagoas_21102022 -p 6432[C[C[C[C[C[C[C[C[C[C[C[C[C[C[C[C[C[C[C[C[C[C[C[C[C[C[C[C[C[C[C[C[C[C[C[C[C[C[C[C[C[C[C[C[C[C[C[29Pexport PGPASSWORD=Im9MFQ4gUyi8QHnpGdpsql -U ecidade -h 200.225.247.145 -d setelagoas_21102022 -p 6432[C[C[C[C[C[C[C[C[C[C[C[C[C[C[C[C[C[C[C[C[C[C[C[C[C[C[C[C[C[C[C[C[C[C[C[C[C[C[C[C[C[C[C[C[C[C[C[K[K]0;andregoro@andregoro-PC3: /var/www/html/TDD_PHP[01;32mandregoro@andregoro-PC3[00m:[01;34m/var/www/html/TDD_PHP[00m$ sudo vendor/bin/phpunit tests
[sudo] senha para andregoro: 
PHPUnit 8.5.31 by Sebastian Bergmann and contributors.

.                                                                   1 / 1 (100%)2500


Time: 30 ms, Memory: 4.00 MB

OK (1 test, 1 assertion)
]0;andregoro@andregoro-PC3: /var/www/html/TDD_PHP[01;32mandregoro@andregoro-PC3[00m:[01;34m/var/www/html/TDD_PHP[00m$ [K]0;andregoro@andregoro-PC3: /var/www/html/TDD_PHP[01;32mandregoro@andregoro-PC3[00m:[01;34m/var/www/html/TDD_PHP[00m$ [K]0;andregoro@andregoro-PC3: /var/www/html/TDD_PHP[01;32mandregoro@andregoro-PC3[00m:[01;34m/var/www/html/TDD_PHP[00m$ [K]0;andregoro@andregoro-PC3: /var/www/html/TDD_PHP[01;32mandregoro@andregoro-PC3[00m:[01;34m/var/www/html/TDD_PHP[00m$ [K]0;andregoro@andregoro-PC3: /var/www/html/TDD_PHP[01;32mandregoro@andregoro-PC3[00m:[01;34m/var/www/html/TDD_PHP[00m$ [K]0;andregoro@andregoro-PC3: /var/www/html/TDD_PHP[01;32mandregoro@andregoro-PC3[00m:[01;34m/var/www/html/TDD_PHP[00m$ [K]0;andregoro@andregoro-PC3: /var/www/html/TDD_PHP[01;32mandregoro@andregoro-PC3[00m:[01;34m/var/www/html/TDD_PHP[00m$ vendor\bin\phpunit --colors tests
vendorbinphpunit: comando n√£o encontrado
]0;andregoro@andregoro-PC3: /var/www/html/TDD_PHP[01;32mandregoro@andregoro-PC3[00m:[01;34m/var/www/html/TDD_PHP[00m$ vendor\bin\phpunit --colors tests[1P[1@/[C[C[C[C[1P[1@/
PHPUnit 8.5.31 by Sebastian Bergmann and contributors.

.                                                                   1 / 1 (100%)2500
PHP Warning:  file_put_contents(/var/www/html/TDD_PHP/vendor/bin/.phpunit.result.cache): Failed to open stream: Permission denied in /var/www/html/TDD_PHP/vendor/phpunit/phpunit/src/Runner/DefaultTestResultCache.php on line 155
PHP Stack trace:
PHP   1. {main}() /var/www/html/TDD_PHP/vendor/bin/phpunit:0
PHP   2. include() /var/www/html/TDD_PHP/vendor/bin/phpunit:123
PHP   3. PHPUnit\TextUI\Command::main($exit = *uninitialized*) /var/www/html/TDD_PHP/vendor/phpunit/phpunit/phpunit:98
PHP   4. PHPUnit\TextUI\Command->run($argv = [0 => 'vendor/bin/phpunit', 1 => '--colors', 2 => 'tests'], $exit = TRUE) /var/www/html/TDD_PHP/vendor/phpunit/phpunit/src/TextUI/Command.php:194
PHP   5. PHPUnit\TextUI\TestRunner->doRun($suite = class PHPUnit\Framework\TestSuite { protected $backupGlobals = NULL; protected $backupStaticAttributes = NULL; protected $runTestInSeparateProcess = FALSE; protected $name = 'tests'; protected $groups = ['default' => [...]]; protected $tests = [0 => class PHPUnit\Framework\TestSuite { ... }]; protected $numTests = -1; protected $testCase = FALSE; protected $foundClasses = [0 => 'PHPUnit\\Util\\FileLoader', 2 => 'PHPUnit\\Framework\\TestCase', 3 => 'PHPUnit\\Framework\\Assert']; private $cachedNumTests = 1; private $beStrictAboutChangesToGlobalState = NULL; private $iteratorFilter = NULL; private $declaredClassesPointer = 198 }, $arguments = ['listGroups' => FALSE, 'listSuites' => FALSE, 'listTests' => FALSE, 'listTestsXml' => FALSE, 'loader' => NULL, 'useDefaultConfiguration' => TRUE, 'loadedExtensions' => [], 'notLoadedExtensions' => [], 'colors' => 'auto', 'testSuffixes' => [0 => 'Test.php', 1 => '.phpt']], $warnings = [], $exit = TRUE) /var/www/html/TDD_PHP/vendor/phpunit/phpunit/src/TextUI/Command.php:235
PHP   6. PHPUnit\Runner\ResultCacheExtension->executeAfterLastTest() /var/www/html/TDD_PHP/vendor/phpunit/phpunit/src/TextUI/TestRunner.php:651
PHP   7. PHPUnit\Runner\ResultCacheExtension->flush() /var/www/html/TDD_PHP/vendor/phpunit/phpunit/src/Runner/ResultCacheExtension.php:92
PHP   8. PHPUnit\Runner\DefaultTestResultCache->persist() /var/www/html/TDD_PHP/vendor/phpunit/phpunit/src/Runner/ResultCacheExtension.php:32
PHP   9. file_put_contents($filename = '/var/www/html/TDD_PHP/vendor/bin/.phpunit.result.cache', $data = '{"version":1,"defects":[],"times":{"Alura\\\\Leilao\\\\Tests\\\\Service\\\\AvaliadorTest::testUm":0.003}}', $flags = 2) /var/www/html/TDD_PHP/vendor/phpunit/phpunit/src/Runner/DefaultTestResultCache.php:155


Time: 24 ms, Memory: 4.00 MB

[30;42mOK (1 test, 1 assertion)[0m
]0;andregoro@andregoro-PC3: /var/www/html/TDD_PHP[01;32mandregoro@andregoro-PC3[00m:[01;34m/var/www/html/TDD_PHP[00m$ vendor/bin/phpunit --colors tests
PHPUnit 8.5.31 by Sebastian Bergmann and contributors.

..                                                                  2 / 2 (100%)PHP Warning:  file_put_contents(/var/www/html/TDD_PHP/vendor/bin/.phpunit.result.cache): Failed to open stream: Permission denied in /var/www/html/TDD_PHP/vendor/phpunit/phpunit/src/Runner/DefaultTestResultCache.php on line 155
PHP Stack trace:
PHP   1. {main}() /var/www/html/TDD_PHP/vendor/bin/phpunit:0
PHP   2. include() /var/www/html/TDD_PHP/vendor/bin/phpunit:123
PHP   3. PHPUnit\TextUI\Command::main($exit = *uninitialized*) /var/www/html/TDD_PHP/vendor/phpunit/phpunit/phpunit:98
PHP   4. PHPUnit\TextUI\Command->run($argv = [0 => 'vendor/bin/phpunit', 1 => '--colors', 2 => 'tests'], $exit = TRUE) /var/www/html/TDD_PHP/vendor/phpunit/phpunit/src/TextUI/Command.php:194
PHP   5. PHPUnit\TextUI\TestRunner->doRun($suite = class PHPUnit\Framework\TestSuite { protected $backupGlobals = NULL; protected $backupStaticAttributes = NULL; protected $runTestInSeparateProcess = FALSE; protected $name = 'tests'; protected $groups = ['default' => [...]]; protected $tests = [0 => class PHPUnit\Framework\TestSuite { ... }]; protected $numTests = -1; protected $testCase = FALSE; protected $foundClasses = [0 => 'PHPUnit\\Util\\FileLoader', 2 => 'PHPUnit\\Framework\\TestCase', 3 => 'PHPUnit\\Framework\\Assert']; private $cachedNumTests = 2; private $beStrictAboutChangesToGlobalState = NULL; private $iteratorFilter = NULL; private $declaredClassesPointer = 198 }, $arguments = ['listGroups' => FALSE, 'listSuites' => FALSE, 'listTests' => FALSE, 'listTestsXml' => FALSE, 'loader' => NULL, 'useDefaultConfiguration' => TRUE, 'loadedExtensions' => [], 'notLoadedExtensions' => [], 'colors' => 'auto', 'testSuffixes' => [0 => 'Test.php', 1 => '.phpt']], $warnings = [], $exit = TRUE) /var/www/html/TDD_PHP/vendor/phpunit/phpunit/src/TextUI/Command.php:235
PHP   6. PHPUnit\Runner\ResultCacheExtension->executeAfterLastTest() /var/www/html/TDD_PHP/vendor/phpunit/phpunit/src/TextUI/TestRunner.php:651
PHP   7. PHPUnit\Runner\ResultCacheExtension->flush() /var/www/html/TDD_PHP/vendor/phpunit/phpunit/src/Runner/ResultCacheExtension.php:92
PHP   8. PHPUnit\Runner\DefaultTestResultCache->persist() /var/www/html/TDD_PHP/vendor/phpunit/phpunit/src/Runner/ResultCacheExtension.php:32
PHP   9. file_put_contents($filename = '/var/www/html/TDD_PHP/vendor/bin/.phpunit.result.cache', $data = '{"version":1,"defects":[],"times":{"Alura\\\\Leilao\\\\Tests\\\\Service\\\\AvaliadorTest::testUm":0.003,"Alura\\\\Leilao\\\\Tests\\\\Service\\\\AvaliadorTest::testAvaliadorDeveEncontrarOMaiorValorDeLancesEmOrdemCrescente":0.002,"Alura\\\\Leilao\\\\Tests\\\\Service\\\\AvaliadorTest::testAvaliadorDeveEncontrarOMaiorValorDeLancesEmOrdemDecrescente":0}}', $flags = 2) /var/www/html/TDD_PHP/vendor/phpunit/phpunit/src/Runner/DefaultTestResultCache.php:155


Time: 33 ms, Memory: 4.00 MB

[30;42mOK (2 tests, 2 assertions)[0m
]0;andregoro@andregoro-PC3: /var/www/html/TDD_PHP[01;32mandregoro@andregoro-PC3[00m:[01;34m/var/www/html/TDD_PHP[00m$ vendor/bin/phpunit --colors tests[K[K[K[K[K[K[K[K[K[K[K[K[K[K[K
PHPUnit 8.5.31 by Sebastian Bergmann and contributors.

[33mUsage:[0m
  phpunit [options] UnitTest [UnitTest.php]
  phpunit [options] <directory>

[33mCode Coverage Options:[0m
  [32m--coverage-clover [36m<file>[0m   [0m Generate code coverage report in Clover XML format
  [32m--coverage-crap4j [36m<file>[0m   [0m Generate code coverage report in Crap4J XML format
  [32m--coverage-html [36m<dir>[0m      [0m Generate code coverage report in HTML format
  [32m--coverage-php [36m<file>[0m      [0m Export PHP_CodeCoverage object to file
  [32m--coverage-text=[36m<file>[0m     [0m Generate code coverage report in text format [default: standard output]
  [32m--coverage-xml [36m<dir>[0m       [0m Generate code coverage report in PHPUnit XML format
  [32m--whitelist [36m<dir>[0m          [0m Whitelist <dir> for code coverage analysis
  [32m--disable-coverage-ignore  [0m Disable annotations for ignoring code coverage
  [32m--no-coverage              [0m Ignore code coverage configuration
  [32m--dump-xdebug-filter [36m<file>[0m[0m Generate script to set Xdebug code coverage filter

[33mLogging Options:[0m
  [32m--log-junit [36m<file>[0m         [0m Log test execution in JUnit XML format to file
  [32m--log-teamcity [36m<file>[0m      [0m Log test execution in TeamCity format to file
  [32m--testdox-html [36m<file>[0m      [0m Write agile documentation in HTML format to file
  [32m--testdox-text [36m<file>[0m      [0m Write agile documentation in Text format to file
  [32m--testdox-xml [36m<file>[0m       [0m Write agile documentation in XML format to file
  [32m--reverse-list             [0m Print defects in reverse order
  [32m--no-logging               [0m Ignore logging configuration

[33mTest Selection Options:[0m
  [32m--filter [36m<pattern>[0m         [0m Filter which tests to run
  [32m--testsuite [36m<name>[0m         [0m Filter which testsuite to run
  [32m--group [36m<name>[0m             [0m Only runs tests from the specified group(s)
  [32m--exclude-group [36m<name>[0m     [0m Exclude tests from the specified group(s)
  [32m--list-groups              [0m List available test groups
  [32m--list-suites              [0m List available test suites
  [32m--list-tests               [0m List available tests
  [32m--list-tests-xml [36m<file>[0m    [0m List available tests in XML format
  [32m--test-suffix [36m<suffixes>[0m   [0m Only search for test in files with specified suffix(es). Default: Test.php,.phpt

[33mTest Execution Options:[0m
  [32m--dont-report-useless-tests[0m Do not report tests that do not test anything
  [32m--strict-coverage          [0m Be strict about @covers annotation usage
  [32m--strict-global-state      [0m Be strict about changes to global state
  [32m--disallow-test-output     [0m Be strict about output during tests
  [32m--disallow-resource-usage  [0m Be strict about resource usage during small tests
  [32m--enforce-time-limit       [0m Enforce time limit based on test size
  [32m--default-time-limit=[36m<sec>[0m [0m Timeout in seconds for tests without @small, @medium or @large
  [32m--disallow-todo-tests      [0m Disallow @todo-annotated tests

  [32m--process-isolation        [0m Run each test in a separate PHP process
  [32m--globals-backup           [0m Backup and restore $GLOBALS for each test
  [32m--static-backup            [0m Backup and restore static attributes for each test

  [32m--colors=[36m<flag>[0m            [0m Use colors in output ("never", "auto" or "always")
  [32m--columns [36m<n>[0m              [0m Number of columns to use for progress output
  [32m--columns max              [0m Use maximum number of columns for progress output
  [32m--stderr                   [0m Write to STDERR instead of STDOUT
  [32m--stop-on-defect           [0m Stop execution upon first not-passed test
  [32m--stop-on-error            [0m Stop execution upon first error
  [32m--stop-on-failure          [0m Stop execution upon first error or failure
  [32m--stop-on-warning          [0m Stop execution upon first warning
  [32m--stop-on-risky            [0m Stop execution upon first risky test
  [32m--stop-on-skipped          [0m Stop execution upon first skipped test
  [32m--stop-on-incomplete       [0m Stop execution upon first incomplete test
  [32m--fail-on-warning          [0m Treat tests with warnings as failures
  [32m--fail-on-risky            [0m Treat risky tests as failures
  [32m-v|--verbose               [0m Output more verbose information
  [32m--debug                    [0m Display debugging information

  [32m--loader [36m<loader>[0m          [0m TestSuiteLoader implementation to use
  [32m--repeat [36m<times>[0m           [0m Runs the test(s) repeatedly
  [32m--teamcity                 [0m Report test execution progress in TeamCity format
  [32m--testdox                  [0m Report test execution progress in TestDox format
  [32m--testdox-group            [0m Only include tests from the specified group(s)
  [32m--testdox-exclude-group    [0m Exclude tests from the specified group(s)
  [32m--no-interaction           [0m Disable TestDox progress animation
  [32m--printer [36m<printer>[0m        [0m TestListener implementation to use

  [32m--order-by=[36m<order>[0m         [0m Run tests in order: default|defects|duration|no-depends|random|reverse|size
  [32m--random-order-seed=[36m<N>[0m    [0m Use a specific random seed <N> for random order
  [32m--cache-result             [0m Write test results to cache file
  [32m--do-not-cache-result      [0m Do not write test results to cache file

[33mConfiguration Options:[0m
  [32m--prepend [36m<file>[0m           [0m A PHP script that is included as early as possible
  [32m--bootstrap [36m<file>[0m         [0m A PHP script that is included before the tests run
  [32m-c|--configuration [36m<file>[0m  [0m Read configuration from XML file
  [32m--no-configuration         [0m Ignore default configuration file (phpunit.xml)
  [32m--no-extensions            [0m Do not load PHPUnit extensions
  [32m--include-path [36m<path(s)>[0m   [0m Prepend PHP's include_path with given path(s)
  [32m-d [36m<key[=value]>[0m           [0m Sets a php.ini value
  [32m--generate-configuration   [0m Generate configuration file with suggested settings
  [32m--cache-result-file=[36m<file>[0m [0m Specify result cache path and filename

[33mMiscellaneous Options:[0m
  [32m-h|--help                  [0m Prints this usage information
  [32m--version                  [0m Prints the version and exits
  [32m--atleast-version [36m<min>[0m    [0m Checks that version is greater than min and exits
  [32m--check-version            [0m Check whether PHPUnit is the latest version

]0;andregoro@andregoro-PC3: /var/www/html/TDD_PHP[01;32mandregoro@andregoro-PC3[00m:[01;34m/var/www/html/TDD_PHP[00m$ vendor/bin/phpunit tests
PHPUnit 8.5.31 by Sebastian Bergmann and contributors.

..                                                                  2 / 2 (100%)PHP Warning:  file_put_contents(/var/www/html/TDD_PHP/vendor/bin/.phpunit.result.cache): Failed to open stream: Permission denied in /var/www/html/TDD_PHP/vendor/phpunit/phpunit/src/Runner/DefaultTestResultCache.php on line 155
PHP Stack trace:
PHP   1. {main}() /var/www/html/TDD_PHP/vendor/bin/phpunit:0
PHP   2. include() /var/www/html/TDD_PHP/vendor/bin/phpunit:123
PHP   3. PHPUnit\TextUI\Command::main($exit = *uninitialized*) /var/www/html/TDD_PHP/vendor/phpunit/phpunit/phpunit:98
PHP   4. PHPUnit\TextUI\Command->run($argv = [0 => 'vendor/bin/phpunit', 1 => 'tests'], $exit = TRUE) /var/www/html/TDD_PHP/vendor/phpunit/phpunit/src/TextUI/Command.php:194
PHP   5. PHPUnit\TextUI\TestRunner->doRun($suite = class PHPUnit\Framework\TestSuite { protected $backupGlobals = NULL; protected $backupStaticAttributes = NULL; protected $runTestInSeparateProcess = FALSE; protected $name = 'tests'; protected $groups = ['default' => [...]]; protected $tests = [0 => class PHPUnit\Framework\TestSuite { ... }]; protected $numTests = -1; protected $testCase = FALSE; protected $foundClasses = [0 => 'PHPUnit\\Util\\FileLoader', 2 => 'PHPUnit\\Framework\\TestCase', 3 => 'PHPUnit\\Framework\\Assert']; private $cachedNumTests = 2; private $beStrictAboutChangesToGlobalState = NULL; private $iteratorFilter = NULL; private $declaredClassesPointer = 196 }, $arguments = ['listGroups' => FALSE, 'listSuites' => FALSE, 'listTests' => FALSE, 'listTestsXml' => FALSE, 'loader' => NULL, 'useDefaultConfiguration' => TRUE, 'loadedExtensions' => [], 'notLoadedExtensions' => [], 'testSuffixes' => [0 => 'Test.php', 1 => '.phpt']], $warnings = [], $exit = TRUE) /var/www/html/TDD_PHP/vendor/phpunit/phpunit/src/TextUI/Command.php:235
PHP   6. PHPUnit\Runner\ResultCacheExtension->executeAfterLastTest() /var/www/html/TDD_PHP/vendor/phpunit/phpunit/src/TextUI/TestRunner.php:651
PHP   7. PHPUnit\Runner\ResultCacheExtension->flush() /var/www/html/TDD_PHP/vendor/phpunit/phpunit/src/Runner/ResultCacheExtension.php:92
PHP   8. PHPUnit\Runner\DefaultTestResultCache->persist() /var/www/html/TDD_PHP/vendor/phpunit/phpunit/src/Runner/ResultCacheExtension.php:32
PHP   9. file_put_contents($filename = '/var/www/html/TDD_PHP/vendor/bin/.phpunit.result.cache', $data = '{"version":1,"defects":[],"times":{"Alura\\\\Leilao\\\\Tests\\\\Service\\\\AvaliadorTest::testUm":0.003,"Alura\\\\Leilao\\\\Tests\\\\Service\\\\AvaliadorTest::testAvaliadorDeveEncontrarOMaiorValorDeLancesEmOrdemCrescente":0.002,"Alura\\\\Leilao\\\\Tests\\\\Service\\\\AvaliadorTest::testAvaliadorDeveEncontrarOMaiorValorDeLancesEmOrdemDecrescente":0}}', $flags = 2) /var/www/html/TDD_PHP/vendor/phpunit/phpunit/src/Runner/DefaultTestResultCache.php:155


Time: 28 ms, Memory: 4.00 MB

OK (2 tests, 2 assertions)
]0;andregoro@andregoro-PC3: /var/www/html/TDD_PHP[01;32mandregoro@andregoro-PC3[00m:[01;34m/var/www/html/TDD_PHP[00m$ [K]0;andregoro@andregoro-PC3: /var/www/html/TDD_PHP[01;32mandregoro@andregoro-PC3[00m:[01;34m/var/www/html/TDD_PHP[00m$ vendor/bin/phpunit tests[K]0;andregoro@andregoro-PC3: /var/www/html/TDD_PHP[01;32mandregoro@andregoro-PC3[00m:[01;34m/var/www/html/TDD_PHP[00m$ vendor/bin/phpunit tests[K[A]0;andregoro@andregoro-PC3: /var/www/html/TDD_PHP[01;32mandregoro@andregoro-PC3[00m:[01;34m/var/www/html/TDD_PHP[00m$ vendor/bin/phpunit tests
PHPUnit 8.5.31 by Sebastian Bergmann and contributors.

.                                                                   1 / 1 (100%)PHP Warning:  file_put_contents(/var/www/html/TDD_PHP/vendor/bin/.phpunit.result.cache): Failed to open stream: Permission denied in /var/www/html/TDD_PHP/vendor/phpunit/phpunit/src/Runner/DefaultTestResultCache.php on line 155
PHP Stack trace:
PHP   1. {main}() /var/www/html/TDD_PHP/vendor/bin/phpunit:0
PHP   2. include() /var/www/html/TDD_PHP/vendor/bin/phpunit:123
PHP   3. PHPUnit\TextUI\Command::main($exit = *uninitialized*) /var/www/html/TDD_PHP/vendor/phpunit/phpunit/phpunit:98
PHP   4. PHPUnit\TextUI\Command->run($argv = [0 => 'vendor/bin/phpunit', 1 => 'tests'], $exit = TRUE) /var/www/html/TDD_PHP/vendor/phpunit/phpunit/src/TextUI/Command.php:194
PHP   5. PHPUnit\TextUI\TestRunner->doRun($suite = class PHPUnit\Framework\TestSuite { protected $backupGlobals = NULL; protected $backupStaticAttributes = NULL; protected $runTestInSeparateProcess = FALSE; protected $name = 'tests'; protected $groups = ['default' => [...]]; protected $tests = [0 => class PHPUnit\Framework\TestSuite { ... }]; protected $numTests = -1; protected $testCase = FALSE; protected $foundClasses = [0 => 'PHPUnit\\Util\\FileLoader', 2 => 'PHPUnit\\Framework\\TestCase', 3 => 'PHPUnit\\Framework\\Assert']; private $cachedNumTests = 1; private $beStrictAboutChangesToGlobalState = NULL; private $iteratorFilter = NULL; private $declaredClassesPointer = 196 }, $arguments = ['listGroups' => FALSE, 'listSuites' => FALSE, 'listTests' => FALSE, 'listTestsXml' => FALSE, 'loader' => NULL, 'useDefaultConfiguration' => TRUE, 'loadedExtensions' => [], 'notLoadedExtensions' => [], 'testSuffixes' => [0 => 'Test.php', 1 => '.phpt']], $warnings = [], $exit = TRUE) /var/www/html/TDD_PHP/vendor/phpunit/phpunit/src/TextUI/Command.php:235
PHP   6. PHPUnit\Runner\ResultCacheExtension->executeAfterLastTest() /var/www/html/TDD_PHP/vendor/phpunit/phpunit/src/TextUI/TestRunner.php:651
PHP   7. PHPUnit\Runner\ResultCacheExtension->flush() /var/www/html/TDD_PHP/vendor/phpunit/phpunit/src/Runner/ResultCacheExtension.php:92
PHP   8. PHPUnit\Runner\DefaultTestResultCache->persist() /var/www/html/TDD_PHP/vendor/phpunit/phpunit/src/Runner/ResultCacheExtension.php:32
PHP   9. file_put_contents($filename = '/var/www/html/TDD_PHP/vendor/bin/.phpunit.result.cache', $data = '{"version":1,"defects":[],"times":{"Alura\\\\Leilao\\\\Tests\\\\Service\\\\AvaliadorTest::testUm":0.003,"Alura\\\\Leilao\\\\Tests\\\\Service\\\\AvaliadorTest::testAvaliadorDeveBuscar3MaioresValores":0.003}}', $flags = 2) /var/www/html/TDD_PHP/vendor/phpunit/phpunit/src/Runner/DefaultTestResultCache.php:155


Time: 24 ms, Memory: 4.00 MB

OK (1 test, 4 assertions)
]0;andregoro@andregoro-PC3: /var/www/html/TDD_PHP[01;32mandregoro@andregoro-PC3[00m:[01;34m/var/www/html/TDD_PHP[00m$ vendor/bin/phpunit tests
PHPUnit 8.5.31 by Sebastian Bergmann and contributors.

..EE.                                                               5 / 5 (100%)PHP Warning:  file_put_contents(/var/www/html/TDD_PHP/vendor/bin/.phpunit.result.cache): Failed to open stream: Permission denied in /var/www/html/TDD_PHP/vendor/phpunit/phpunit/src/Runner/DefaultTestResultCache.php on line 155
PHP Stack trace:
PHP   1. {main}() /var/www/html/TDD_PHP/vendor/bin/phpunit:0
PHP   2. include() /var/www/html/TDD_PHP/vendor/bin/phpunit:123
PHP   3. PHPUnit\TextUI\Command::main($exit = *uninitialized*) /var/www/html/TDD_PHP/vendor/phpunit/phpunit/phpunit:98
PHP   4. PHPUnit\TextUI\Command->run($argv = [0 => 'vendor/bin/phpunit', 1 => 'tests'], $exit = TRUE) /var/www/html/TDD_PHP/vendor/phpunit/phpunit/src/TextUI/Command.php:194
PHP   5. PHPUnit\TextUI\TestRunner->doRun($suite = class PHPUnit\Framework\TestSuite { protected $backupGlobals = NULL; protected $backupStaticAttributes = NULL; protected $runTestInSeparateProcess = FALSE; protected $name = 'tests'; protected $groups = ['default' => [...]]; protected $tests = [0 => class PHPUnit\Framework\TestSuite { ... }]; protected $numTests = -1; protected $testCase = FALSE; protected $foundClasses = [0 => 'PHPUnit\\Util\\FileLoader', 2 => 'PHPUnit\\Framework\\TestCase', 3 => 'PHPUnit\\Framework\\Assert']; private $cachedNumTests = 5; private $beStrictAboutChangesToGlobalState = NULL; private $iteratorFilter = NULL; private $declaredClassesPointer = 196 }, $arguments = ['listGroups' => FALSE, 'listSuites' => FALSE, 'listTests' => FALSE, 'listTestsXml' => FALSE, 'loader' => NULL, 'useDefaultConfiguration' => TRUE, 'loadedExtensions' => [], 'notLoadedExtensions' => [], 'testSuffixes' => [0 => 'Test.php', 1 => '.phpt']], $warnings = [], $exit = TRUE) /var/www/html/TDD_PHP/vendor/phpunit/phpunit/src/TextUI/Command.php:235
PHP   6. PHPUnit\Runner\ResultCacheExtension->executeAfterLastTest() /var/www/html/TDD_PHP/vendor/phpunit/phpunit/src/TextUI/TestRunner.php:651
PHP   7. PHPUnit\Runner\ResultCacheExtension->flush() /var/www/html/TDD_PHP/vendor/phpunit/phpunit/src/Runner/ResultCacheExtension.php:92
PHP   8. PHPUnit\Runner\DefaultTestResultCache->persist() /var/www/html/TDD_PHP/vendor/phpunit/phpunit/src/Runner/ResultCacheExtension.php:32
PHP   9. file_put_contents($filename = '/var/www/html/TDD_PHP/vendor/bin/.phpunit.result.cache', $data = '{"version":1,"defects":{"Alura\\\\Leilao\\\\Tests\\\\Service\\\\AvaliadorTest::testAvaliadorDeveEncontrarOMenorValorDeLancesEmOrdemDecrescente":4,"Alura\\\\Leilao\\\\Tests\\\\Service\\\\AvaliadorTest::testAvaliadorDeveEncontrarOMenorValorDeLancesEmOrdemCrescente":4},"times":{"Alura\\\\Leilao\\\\Tests\\\\Service\\\\AvaliadorTest::testUm":0.003,"Alura\\\\Leilao\\\\Tests\\\\Service\\\\AvaliadorTest::testAvaliadorDeveEncontrarOMaiorValorDeLancesEmOrdemCrescente":0.002,"Alura\\\\Leilao\\\\Tests\\\\Service\\\\Ava', $flags = 2) /var/www/html/TDD_PHP/vendor/phpunit/phpunit/src/Runner/DefaultTestResultCache.php:155


Time: 27 ms, Memory: 4.00 MB

There were 2 errors:

1) Alura\Leilao\Tests\Service\AvaliadorTest::testAvaliadorDeveEncontrarOMenorValorDeLancesEmOrdemDecrescente
Error: Call to undefined method Alura\Leilao\Service\Avaliador::getMenorValor()

/var/www/html/TDD_PHP/tests/Service/AvaliadorTest.php:73

2) Alura\Leilao\Tests\Service\AvaliadorTest::testAvaliadorDeveEncontrarOMenorValorDeLancesEmOrdemCrescente
Error: Call to undefined method Alura\Leilao\Service\Avaliador::getMenorValor()

/var/www/html/TDD_PHP/tests/Service/AvaliadorTest.php:95

ERRORS!
Tests: 5, Assertions: 6, Errors: 2.
]0;andregoro@andregoro-PC3: /var/www/html/TDD_PHP[01;32mandregoro@andregoro-PC3[00m:[01;34m/var/www/html/TDD_PHP[00m$ vendor/bin/phpunit tests
PHPUnit 8.5.31 by Sebastian Bergmann and contributors.

.....                                                               5 / 5 (100%)PHP Warning:  file_put_contents(/var/www/html/TDD_PHP/vendor/bin/.phpunit.result.cache): Failed to open stream: Permission denied in /var/www/html/TDD_PHP/vendor/phpunit/phpunit/src/Runner/DefaultTestResultCache.php on line 155
PHP Stack trace:
PHP   1. {main}() /var/www/html/TDD_PHP/vendor/bin/phpunit:0
PHP   2. include() /var/www/html/TDD_PHP/vendor/bin/phpunit:123
PHP   3. PHPUnit\TextUI\Command::main($exit = *uninitialized*) /var/www/html/TDD_PHP/vendor/phpunit/phpunit/phpunit:98
PHP   4. PHPUnit\TextUI\Command->run($argv = [0 => 'vendor/bin/phpunit', 1 => 'tests'], $exit = TRUE) /var/www/html/TDD_PHP/vendor/phpunit/phpunit/src/TextUI/Command.php:194
PHP   5. PHPUnit\TextUI\TestRunner->doRun($suite = class PHPUnit\Framework\TestSuite { protected $backupGlobals = NULL; protected $backupStaticAttributes = NULL; protected $runTestInSeparateProcess = FALSE; protected $name = 'tests'; protected $groups = ['default' => [...]]; protected $tests = [0 => class PHPUnit\Framework\TestSuite { ... }]; protected $numTests = -1; protected $testCase = FALSE; protected $foundClasses = [0 => 'PHPUnit\\Util\\FileLoader', 2 => 'PHPUnit\\Framework\\TestCase', 3 => 'PHPUnit\\Framework\\Assert']; private $cachedNumTests = 5; private $beStrictAboutChangesToGlobalState = NULL; private $iteratorFilter = NULL; private $declaredClassesPointer = 196 }, $arguments = ['listGroups' => FALSE, 'listSuites' => FALSE, 'listTests' => FALSE, 'listTestsXml' => FALSE, 'loader' => NULL, 'useDefaultConfiguration' => TRUE, 'loadedExtensions' => [], 'notLoadedExtensions' => [], 'testSuffixes' => [0 => 'Test.php', 1 => '.phpt']], $warnings = [], $exit = TRUE) /var/www/html/TDD_PHP/vendor/phpunit/phpunit/src/TextUI/Command.php:235
PHP   6. PHPUnit\Runner\ResultCacheExtension->executeAfterLastTest() /var/www/html/TDD_PHP/vendor/phpunit/phpunit/src/TextUI/TestRunner.php:651
PHP   7. PHPUnit\Runner\ResultCacheExtension->flush() /var/www/html/TDD_PHP/vendor/phpunit/phpunit/src/Runner/ResultCacheExtension.php:92
PHP   8. PHPUnit\Runner\DefaultTestResultCache->persist() /var/www/html/TDD_PHP/vendor/phpunit/phpunit/src/Runner/ResultCacheExtension.php:32
PHP   9. file_put_contents($filename = '/var/www/html/TDD_PHP/vendor/bin/.phpunit.result.cache', $data = '{"version":1,"defects":[],"times":{"Alura\\\\Leilao\\\\Tests\\\\Service\\\\AvaliadorTest::testUm":0.003,"Alura\\\\Leilao\\\\Tests\\\\Service\\\\AvaliadorTest::testAvaliadorDeveEncontrarOMaiorValorDeLancesEmOrdemCrescente":0.002,"Alura\\\\Leilao\\\\Tests\\\\Service\\\\AvaliadorTest::testAvaliadorDeveEncontrarOMaiorValorDeLancesEmOrdemDecrescente":0,"Alura\\\\Leilao\\\\Tests\\\\Service\\\\AvaliadorTest::testAvaliadorDeveEncontrarOMenorValorDeLancesEmOrdemDecrescente":0,"Alura\\\\Leilao\\\\Tests\\\\Service\\\\', $flags = 2) /var/www/html/TDD_PHP/vendor/phpunit/phpunit/src/Runner/DefaultTestResultCache.php:155


Time: 26 ms, Memory: 4.00 MB

OK (5 tests, 8 assertions)
]0;andregoro@andregoro-PC3: /var/www/html/TDD_PHP[01;32mandregoro@andregoro-PC3[00m:[01;34m/var/www/html/TDD_PHP[00m$ vendor/bin/phpunit tests
PHPUnit 8.5.31 by Sebastian Bergmann and contributors.

.....                                                               5 / 5 (100%)PHP Warning:  file_put_contents(/var/www/html/TDD_PHP/vendor/bin/.phpunit.result.cache): Failed to open stream: Permission denied in /var/www/html/TDD_PHP/vendor/phpunit/phpunit/src/Runner/DefaultTestResultCache.php on line 155
PHP Stack trace:
PHP   1. {main}() /var/www/html/TDD_PHP/vendor/bin/phpunit:0
PHP   2. include() /var/www/html/TDD_PHP/vendor/bin/phpunit:123
PHP   3. PHPUnit\TextUI\Command::main($exit = *uninitialized*) /var/www/html/TDD_PHP/vendor/phpunit/phpunit/phpunit:98
PHP   4. PHPUnit\TextUI\Command->run($argv = [0 => 'vendor/bin/phpunit', 1 => 'tests'], $exit = TRUE) /var/www/html/TDD_PHP/vendor/phpunit/phpunit/src/TextUI/Command.php:194
PHP   5. PHPUnit\TextUI\TestRunner->doRun($suite = class PHPUnit\Framework\TestSuite { protected $backupGlobals = NULL; protected $backupStaticAttributes = NULL; protected $runTestInSeparateProcess = FALSE; protected $name = 'tests'; protected $groups = ['default' => [...]]; protected $tests = [0 => class PHPUnit\Framework\TestSuite { ... }]; protected $numTests = -1; protected $testCase = FALSE; protected $foundClasses = [0 => 'PHPUnit\\Util\\FileLoader', 2 => 'PHPUnit\\Framework\\TestCase', 3 => 'PHPUnit\\Framework\\Assert']; private $cachedNumTests = 5; private $beStrictAboutChangesToGlobalState = NULL; private $iteratorFilter = NULL; private $declaredClassesPointer = 196 }, $arguments = ['listGroups' => FALSE, 'listSuites' => FALSE, 'listTests' => FALSE, 'listTestsXml' => FALSE, 'loader' => NULL, 'useDefaultConfiguration' => TRUE, 'loadedExtensions' => [], 'notLoadedExtensions' => [], 'testSuffixes' => [0 => 'Test.php', 1 => '.phpt']], $warnings = [], $exit = TRUE) /var/www/html/TDD_PHP/vendor/phpunit/phpunit/src/TextUI/Command.php:235
PHP   6. PHPUnit\Runner\ResultCacheExtension->executeAfterLastTest() /var/www/html/TDD_PHP/vendor/phpunit/phpunit/src/TextUI/TestRunner.php:651
PHP   7. PHPUnit\Runner\ResultCacheExtension->flush() /var/www/html/TDD_PHP/vendor/phpunit/phpunit/src/Runner/ResultCacheExtension.php:92
PHP   8. PHPUnit\Runner\DefaultTestResultCache->persist() /var/www/html/TDD_PHP/vendor/phpunit/phpunit/src/Runner/ResultCacheExtension.php:32
PHP   9. file_put_contents($filename = '/var/www/html/TDD_PHP/vendor/bin/.phpunit.result.cache', $data = '{"version":1,"defects":[],"times":{"Alura\\\\Leilao\\\\Tests\\\\Service\\\\AvaliadorTest::testUm":0.003,"Alura\\\\Leilao\\\\Tests\\\\Service\\\\AvaliadorTest::testAvaliadorDeveEncontrarOMaiorValorDeLancesEmOrdemCrescente":0.003,"Alura\\\\Leilao\\\\Tests\\\\Service\\\\AvaliadorTest::testAvaliadorDeveEncontrarOMaiorValorDeLancesEmOrdemDecrescente":0,"Alura\\\\Leilao\\\\Tests\\\\Service\\\\AvaliadorTest::testAvaliadorDeveEncontrarOMenorValorDeLancesEmOrdemDecrescente":0,"Alura\\\\Leilao\\\\Tests\\\\Service\\\\', $flags = 2) /var/www/html/TDD_PHP/vendor/phpunit/phpunit/src/Runner/DefaultTestResultCache.php:155


Time: 29 ms, Memory: 4.00 MB

OK (5 tests, 8 assertions)
]0;andregoro@andregoro-PC3: /var/www/html/TDD_PHP[01;32mandregoro@andregoro-PC3[00m:[01;34m/var/www/html/TDD_PHP[00m$ vendor/bin/phpunit tests
PHPUnit 8.5.31 by Sebastian Bergmann and contributors.

.E...                                                               5 / 5 (100%)PHP Warning:  file_put_contents(/var/www/html/TDD_PHP/vendor/bin/.phpunit.result.cache): Failed to open stream: Permission denied in /var/www/html/TDD_PHP/vendor/phpunit/phpunit/src/Runner/DefaultTestResultCache.php on line 155
PHP Stack trace:
PHP   1. {main}() /var/www/html/TDD_PHP/vendor/bin/phpunit:0
PHP   2. include() /var/www/html/TDD_PHP/vendor/bin/phpunit:123
PHP   3. PHPUnit\TextUI\Command::main($exit = *uninitialized*) /var/www/html/TDD_PHP/vendor/phpunit/phpunit/phpunit:98
PHP   4. PHPUnit\TextUI\Command->run($argv = [0 => 'vendor/bin/phpunit', 1 => 'tests'], $exit = TRUE) /var/www/html/TDD_PHP/vendor/phpunit/phpunit/src/TextUI/Command.php:194
PHP   5. PHPUnit\TextUI\TestRunner->doRun($suite = class PHPUnit\Framework\TestSuite { protected $backupGlobals = NULL; protected $backupStaticAttributes = NULL; protected $runTestInSeparateProcess = FALSE; protected $name = 'tests'; protected $groups = ['default' => [...]]; protected $tests = [0 => class PHPUnit\Framework\TestSuite { ... }]; protected $numTests = -1; protected $testCase = FALSE; protected $foundClasses = [0 => 'PHPUnit\\Util\\FileLoader', 2 => 'PHPUnit\\Framework\\TestCase', 3 => 'PHPUnit\\Framework\\Assert']; private $cachedNumTests = 5; private $beStrictAboutChangesToGlobalState = NULL; private $iteratorFilter = NULL; private $declaredClassesPointer = 196 }, $arguments = ['listGroups' => FALSE, 'listSuites' => FALSE, 'listTests' => FALSE, 'listTestsXml' => FALSE, 'loader' => NULL, 'useDefaultConfiguration' => TRUE, 'loadedExtensions' => [], 'notLoadedExtensions' => [], 'testSuffixes' => [0 => 'Test.php', 1 => '.phpt']], $warnings = [], $exit = TRUE) /var/www/html/TDD_PHP/vendor/phpunit/phpunit/src/TextUI/Command.php:235
PHP   6. PHPUnit\Runner\ResultCacheExtension->executeAfterLastTest() /var/www/html/TDD_PHP/vendor/phpunit/phpunit/src/TextUI/TestRunner.php:651
PHP   7. PHPUnit\Runner\ResultCacheExtension->flush() /var/www/html/TDD_PHP/vendor/phpunit/phpunit/src/Runner/ResultCacheExtension.php:92
PHP   8. PHPUnit\Runner\DefaultTestResultCache->persist() /var/www/html/TDD_PHP/vendor/phpunit/phpunit/src/Runner/ResultCacheExtension.php:32
PHP   9. file_put_contents($filename = '/var/www/html/TDD_PHP/vendor/bin/.phpunit.result.cache', $data = '{"version":1,"defects":{"Alura\\\\Leilao\\\\Tests\\\\Service\\\\AvaliadorTest::testAvaliadorDeveEncontrarOMaiorValorDeLancesEmOrdemDecrescente":4},"times":{"Alura\\\\Leilao\\\\Tests\\\\Service\\\\AvaliadorTest::testUm":0.003,"Alura\\\\Leilao\\\\Tests\\\\Service\\\\AvaliadorTest::testAvaliadorDeveEncontrarOMaiorValorDeLancesEmOrdemCrescente":0.002,"Alura\\\\Leilao\\\\Tests\\\\Service\\\\AvaliadorTest::testAvaliadorDeveEncontrarOMaiorValorDeLancesEmOrdemDecrescente":0.001,"Alura\\\\Leilao\\\\Tests\\\\Service\', $flags = 2) /var/www/html/TDD_PHP/vendor/phpunit/phpunit/src/Runner/DefaultTestResultCache.php:155


Time: 32 ms, Memory: 4.00 MB

There was 1 error:

1) Alura\Leilao\Tests\Service\AvaliadorTest::testAvaliadorDeveEncontrarOMaiorValorDeLancesEmOrdemDecrescente
TypeError: Alura\Leilao\Service\Avaliador::avalia(): Argument #1 ($leilao) must be of type Alura\Leilao\Model\Leilao, array given, called in /var/www/html/TDD_PHP/tests/Service/AvaliadorTest.php on line 51

/var/www/html/TDD_PHP/src/Service/Avaliador.php:14
/var/www/html/TDD_PHP/tests/Service/AvaliadorTest.php:51

ERRORS!
Tests: 5, Assertions: 7, Errors: 1.
]0;andregoro@andregoro-PC3: /var/www/html/TDD_PHP[01;32mandregoro@andregoro-PC3[00m:[01;34m/var/www/html/TDD_PHP[00m$ vendor/bin/phpunit tests
PHPUnit 8.5.31 by Sebastian Bergmann and contributors.

.....                                                               5 / 5 (100%)PHP Warning:  file_put_contents(/var/www/html/TDD_PHP/vendor/bin/.phpunit.result.cache): Failed to open stream: Permission denied in /var/www/html/TDD_PHP/vendor/phpunit/phpunit/src/Runner/DefaultTestResultCache.php on line 155
PHP Stack trace:
PHP   1. {main}() /var/www/html/TDD_PHP/vendor/bin/phpunit:0
PHP   2. include() /var/www/html/TDD_PHP/vendor/bin/phpunit:123
PHP   3. PHPUnit\TextUI\Command::main($exit = *uninitialized*) /var/www/html/TDD_PHP/vendor/phpunit/phpunit/phpunit:98
PHP   4. PHPUnit\TextUI\Command->run($argv = [0 => 'vendor/bin/phpunit', 1 => 'tests'], $exit = TRUE) /var/www/html/TDD_PHP/vendor/phpunit/phpunit/src/TextUI/Command.php:194
PHP   5. PHPUnit\TextUI\TestRunner->doRun($suite = class PHPUnit\Framework\TestSuite { protected $backupGlobals = NULL; protected $backupStaticAttributes = NULL; protected $runTestInSeparateProcess = FALSE; protected $name = 'tests'; protected $groups = ['default' => [...]]; protected $tests = [0 => class PHPUnit\Framework\TestSuite { ... }]; protected $numTests = -1; protected $testCase = FALSE; protected $foundClasses = [0 => 'PHPUnit\\Util\\FileLoader', 2 => 'PHPUnit\\Framework\\TestCase', 3 => 'PHPUnit\\Framework\\Assert']; private $cachedNumTests = 5; private $beStrictAboutChangesToGlobalState = NULL; private $iteratorFilter = NULL; private $declaredClassesPointer = 196 }, $arguments = ['listGroups' => FALSE, 'listSuites' => FALSE, 'listTests' => FALSE, 'listTestsXml' => FALSE, 'loader' => NULL, 'useDefaultConfiguration' => TRUE, 'loadedExtensions' => [], 'notLoadedExtensions' => [], 'testSuffixes' => [0 => 'Test.php', 1 => '.phpt']], $warnings = [], $exit = TRUE) /var/www/html/TDD_PHP/vendor/phpunit/phpunit/src/TextUI/Command.php:235
PHP   6. PHPUnit\Runner\ResultCacheExtension->executeAfterLastTest() /var/www/html/TDD_PHP/vendor/phpunit/phpunit/src/TextUI/TestRunner.php:651
PHP   7. PHPUnit\Runner\ResultCacheExtension->flush() /var/www/html/TDD_PHP/vendor/phpunit/phpunit/src/Runner/ResultCacheExtension.php:92
PHP   8. PHPUnit\Runner\DefaultTestResultCache->persist() /var/www/html/TDD_PHP/vendor/phpunit/phpunit/src/Runner/ResultCacheExtension.php:32
PHP   9. file_put_contents($filename = '/var/www/html/TDD_PHP/vendor/bin/.phpunit.result.cache', $data = '{"version":1,"defects":[],"times":{"Alura\\\\Leilao\\\\Tests\\\\Service\\\\AvaliadorTest::testUm":0.003,"Alura\\\\Leilao\\\\Tests\\\\Service\\\\AvaliadorTest::testAvaliadorDeveEncontrarOMaiorValorDeLancesEmOrdemCrescente":0.003,"Alura\\\\Leilao\\\\Tests\\\\Service\\\\AvaliadorTest::testAvaliadorDeveEncontrarOMaiorValorDeLancesEmOrdemDecrescente":0,"Alura\\\\Leilao\\\\Tests\\\\Service\\\\AvaliadorTest::testAvaliadorDeveEncontrarOMenorValorDeLancesEmOrdemDecrescente":0,"Alura\\\\Leilao\\\\Tests\\\\Service\\\\', $flags = 2) /var/www/html/TDD_PHP/vendor/phpunit/phpunit/src/Runner/DefaultTestResultCache.php:155


Time: 27 ms, Memory: 4.00 MB

OK (5 tests, 8 assertions)
]0;andregoro@andregoro-PC3: /var/www/html/TDD_PHP[01;32mandregoro@andregoro-PC3[00m:[01;34m/var/www/html/TDD_PHP[00m$ sudo shmod[K[K[K[K[Kchmod 777 .
[sudo] senha para andregoro: 
]0;andregoro@andregoro-PC3: /var/www/html/TDD_PHP[01;32mandregoro@andregoro-PC3[00m:[01;34m/var/www/html/TDD_PHP[00m$ sudo chmod 777 .-.R. .
]0;andregoro@andregoro-PC3: /var/www/html/TDD_PHP[01;32mandregoro@andregoro-PC3[00m:[01;34m/var/www/html/TDD_PHP[00m$ cd ..
]0;andregoro@andregoro-PC3: /var/www/html[01;32mandregoro@andregoro-PC3[00m:[01;34m/var/www/html[00m$ cd ..sudo chmod 777 -R ..[K-R .cd ..[K[Kls
 banco-inicial.sql                   [0m[34;42mecidade-2[0m                     env_file.txt          [01;34mphp[0m
 [01;31mburpsuite_community_v2022.8.5.jar[0m   [34;42me-cidade-3[0m                    [01;34mexample-app[0m           [01;32mportal.sh[0m
 [01;34mconfigs[0m                            [01;34m'e-cidade (c√≥pia)'[0m             [01;32mgit_clone_2.sh[0m        [01;34mprojeto-investimento[0m
 [01;31mconfigs.zip[0m                         [34;42mecidadeNfse[0m                   [01;32mgit_clone.sh[0m          [01;34ms[0m
 [01;34mcontrole-series-alura[0m               [01;34mecidadeNfse_2[0m                 GoogleRecaptcha.php   [34;42mTDD_PHP[0m
 [01;32mdocker-compose.yml[0m                  [34;42mecidade_novo_sete[0m             [34;42mhdcevents[0m             [34;42mtestesim[0m
 [34;42mDOCKERNODE[0m                          [01;34mecidade-sete-lagoas[0m           [01;34mmigracao-nfse[0m         [34;42mtestesim1[0m
 [01;34mdoctrine[0m                            [01;34mecidade-setelagoas-original[0m   [34;42mn[0m                     Untitled-1.php
 [34;42me-cidade[0m                            [34;42mecidad_sps[0m                    [34;42mnfse[0m
]0;andregoro@andregoro-PC3: /var/www/html[01;32mandregoro@andregoro-PC3[00m:[01;34m/var/www/html[00m$ cd TDD_PHP
]0;andregoro@andregoro-PC3: /var/www/html/TDD_PHP[01;32mandregoro@andregoro-PC3[00m:[01;34m/var/www/html/TDD_PHP[00m$ cd TDD_PHPls[Kcd ..sudo chmod 777 -R ..[Kvendor/bin/phpunit tests
PHPUnit 8.5.31 by Sebastian Bergmann and contributors.

.....                                                               5 / 5 (100%)

Time: 29 ms, Memory: 4.00 MB

OK (5 tests, 8 assertions)
]0;andregoro@andregoro-PC3: /var/www/html/TDD_PHP[01;32mandregoro@andregoro-PC3[00m:[01;34m/var/www/html/TDD_PHP[00m$ [K]0;andregoro@andregoro-PC3: /var/www/html/TDD_PHP[01;32mandregoro@andregoro-PC3[00m:[01;34m/var/www/html/TDD_PHP[00m$ vendor/bin/phpunit tests
PHPUnit 8.5.31 by Sebastian Bergmann and contributors.

..F..                                                               5 / 5 (100%)

Time: 23 ms, Memory: 4.00 MB

There was 1 failure:

1) Alura\Leilao\Tests\Service\AvaliadorTest::testAvaliadorDeveEncontrarOMenorValorDeLancesEmOrdemDecrescente
Failed asserting that 1700.0 matches expected 2000.

/var/www/html/TDD_PHP/tests/Service/AvaliadorTest.php:81

FAILURES!
Tests: 5, Assertions: 8, Failures: 1.
]0;andregoro@andregoro-PC3: /var/www/html/TDD_PHP[01;32mandregoro@andregoro-PC3[00m:[01;34m/var/www/html/TDD_PHP[00m$ ^C
]0;andregoro@andregoro-PC3: /var/www/html/TDD_PHP[01;32mandregoro@andregoro-PC3[00m:[01;34m/var/www/html/TDD_PHP[00m$ ^C
]0;andregoro@andregoro-PC3: /var/www/html/TDD_PHP[01;32mandregoro@andregoro-PC3[00m:[01;34m/var/www/html/TDD_PHP[00m$ vendor/bin/phpunit tests
PHPUnit 8.5.31 by Sebastian Bergmann and contributors.

..FF.                                                               5 / 5 (100%)

Time: 28 ms, Memory: 4.00 MB

There were 2 failures:

1) Alura\Leilao\Tests\Service\AvaliadorTest::testAvaliadorDeveEncontrarOMenorValorDeLancesEmOrdemDecrescente
Failed asserting that 1700.0 matches expected 2000.

/var/www/html/TDD_PHP/tests/Service/AvaliadorTest.php:81

2) Alura\Leilao\Tests\Service\AvaliadorTest::testAvaliadorDeveEncontrarOMenorValorDeLancesEmOrdemCrescente
Failed asserting that 1700.0 matches expected 2000.

/var/www/html/TDD_PHP/tests/Service/AvaliadorTest.php:105

FAILURES!
Tests: 5, Assertions: 8, Failures: 2.
]0;andregoro@andregoro-PC3: /var/www/html/TDD_PHP[01;32mandregoro@andregoro-PC3[00m:[01;34m/var/www/html/TDD_PHP[00m$ vendor/bin/phpunit tests
PHPUnit 8.5.31 by Sebastian Bergmann and contributors.

.....                                                               5 / 5 (100%)

Time: 26 ms, Memory: 4.00 MB

OK (5 tests, 8 assertions)
]0;andregoro@andregoro-PC3: /var/www/html/TDD_PHP[01;32mandregoro@andregoro-PC3[00m:[01;34m/var/www/html/TDD_PHP[00m$ vendor/bin/phpunit tests
PHPUnit 8.5.31 by Sebastian Bergmann and contributors.

.....                                                               5 / 5 (100%)

Time: 26 ms, Memory: 4.00 MB

OK (5 tests, 8 assertions)
]0;andregoro@andregoro-PC3: /var/www/html/TDD_PHP[01;32mandregoro@andregoro-PC3[00m:[01;34m/var/www/html/TDD_PHP[00m$ vendor/bin/phpunit tests
PHPUnit 8.5.31 by Sebastian Bergmann and contributors.

E.....                                                              6 / 6 (100%)

Time: 29 ms, Memory: 4.00 MB

There was 1 error:

1) Alura\Leilao\Tests\Service\AvaliadorTest::testAvaliadorDeveEncontrarOMaiorValorDeLances
ArgumentCountError: Too few arguments to function Alura\Leilao\Tests\Service\AvaliadorTest::testAvaliadorDeveEncontrarOMaiorValorDeLances(), 0 passed in /var/www/html/TDD_PHP/vendor/phpunit/phpunit/src/Framework/TestCase.php on line 1492 and exactly 1 expected

/var/www/html/TDD_PHP/tests/Service/AvaliadorTest.php:13

ERRORS!
Tests: 6, Assertions: 8, Errors: 1.
]0;andregoro@andregoro-PC3: /var/www/html/TDD_PHP[01;32mandregoro@andregoro-PC3[00m:[01;34m/var/www/html/TDD_PHP[00m$ vendor/bin/phpunit tests
PHPUnit 8.5.31 by Sebastian Bergmann and contributors.

........                                                            8 / 8 (100%)

Time: 32 ms, Memory: 4.00 MB

OK (8 tests, 11 assertions)
]0;andregoro@andregoro-PC3: /var/www/html/TDD_PHP[01;32mandregoro@andregoro-PC3[00m:[01;34m/var/www/html/TDD_PHP[00m$ vendor/bin/phpunit tests
PHPUnit 8.5.31 by Sebastian Bergmann and contributors.

..........                                                        10 / 10 (100%)

Time: 28 ms, Memory: 4.00 MB

OK (10 tests, 13 assertions)
]0;andregoro@andregoro-PC3: /var/www/html/TDD_PHP[01;32mandregoro@andregoro-PC3[00m:[01;34m/var/www/html/TDD_PHP[00m$ vendor/bin/phpunit tests
PHPUnit 8.5.31 by Sebastian Bergmann and contributors.

..............                                                    14 / 14 (100%)

Time: 35 ms, Memory: 4.00 MB

OK (14 tests, 17 assertions)
]0;andregoro@andregoro-PC3: /var/www/html/TDD_PHP[01;32mandregoro@andregoro-PC3[00m:[01;34m/var/www/html/TDD_PHP[00m$ vendor/bin/phpunit tests
PHPUnit 8.5.31 by Sebastian Bergmann and contributors.

................                                                  16 / 16 (100%)

Time: 28 ms, Memory: 4.00 MB

OK (16 tests, 19 assertions)
]0;andregoro@andregoro-PC3: /var/www/html/TDD_PHP[01;32mandregoro@andregoro-PC3[00m:[01;34m/var/www/html/TDD_PHP[00m$ vendor/bin/phpunit tests
PHPUnit 8.5.31 by Sebastian Bergmann and contributors.

................                                                  16 / 16 (100%)

Time: 29 ms, Memory: 4.00 MB

OK (16 tests, 19 assertions)
]0;andregoro@andregoro-PC3: /var/www/html/TDD_PHP[01;32mandregoro@andregoro-PC3[00m:[01;34m/var/www/html/TDD_PHP[00m$ vendor/bin/phpunit tests
PHPUnit 8.5.31 by Sebastian Bergmann and contributors.

................                                                  16 / 16 (100%)

Time: 80 ms, Memory: 4.00 MB

OK (16 tests, 19 assertions)
]0;andregoro@andregoro-PC3: /var/www/html/TDD_PHP[01;32mandregoro@andregoro-PC3[00m:[01;34m/var/www/html/TDD_PHP[00m$ vendor/bin/phpunit tests
PHP Fatal error:  Declaration of Alura\Leilao\Tests\Service\AvaliadorTest::setUp() must be compatible with PHPUnit\Framework\TestCase::setUp(): void in /var/www/html/TDD_PHP/tests/Service/AvaliadorTest.php on line 19
PHP Stack trace:
PHP   1. {main}() /var/www/html/TDD_PHP/vendor/bin/phpunit:0
PHP   2. include() /var/www/html/TDD_PHP/vendor/bin/phpunit:123
PHP   3. PHPUnit\TextUI\Command::main($exit = *uninitialized*) /var/www/html/TDD_PHP/vendor/phpunit/phpunit/phpunit:98
PHP   4. PHPUnit\TextUI\Command->run($argv = [0 => 'vendor/bin/phpunit', 1 => 'tests'], $exit = TRUE) /var/www/html/TDD_PHP/vendor/phpunit/phpunit/src/TextUI/Command.php:194
PHP   5. PHPUnit\Runner\BaseTestRunner->getTest($suiteClassName = 'tests', $suiteClassFile = '', $suffixes = [0 => 'Test.php', 1 => '.phpt']) /var/www/html/TDD_PHP/vendor/phpunit/phpunit/src/TextUI/Command.php:212
PHP   6. PHPUnit\Framework\TestSuite->addTestFiles($fileNames = [0 => '/var/www/html/TDD_PHP/tests/Service/AvaliadorTest.php']) /var/www/html/TDD_PHP/vendor/phpunit/phpunit/src/Runner/BaseTestRunner.php:98
PHP   7. PHPUnit\Framework\TestSuite->addTestFile($filename = '/var/www/html/TDD_PHP/tests/Service/AvaliadorTest.php') /var/www/html/TDD_PHP/vendor/phpunit/phpunit/src/Framework/TestSuite.php:475
PHP   8. PHPUnit\Util\FileLoader::checkAndLoad($filename = '/var/www/html/TDD_PHP/tests/Service/AvaliadorTest.php') /var/www/html/TDD_PHP/vendor/phpunit/phpunit/src/Framework/TestSuite.php:377
PHP   9. PHPUnit\Util\FileLoader::load($filename = '/var/www/html/TDD_PHP/tests/Service/AvaliadorTest.php') /var/www/html/TDD_PHP/vendor/phpunit/phpunit/src/Util/FileLoader.php:54
PHP  10. include_once() /var/www/html/TDD_PHP/vendor/phpunit/phpunit/src/Util/FileLoader.php:66
]0;andregoro@andregoro-PC3: /var/www/html/TDD_PHP[01;32mandregoro@andregoro-PC3[00m:[01;34m/var/www/html/TDD_PHP[00m$ vendor/bin/phpunit tests
PHPUnit 8.5.31 by Sebastian Bergmann and contributors.

................                                                  16 / 16 (100%)

Time: 81 ms, Memory: 4.00 MB

OK (16 tests, 19 assertions)
]0;andregoro@andregoro-PC3: /var/www/html/TDD_PHP[01;32mandregoro@andregoro-PC3[00m:[01;34m/var/www/html/TDD_PHP[00m$ vendor/bin/phpunit tests
PHPUnit 8.5.31 by Sebastian Bergmann and contributors.

.executando ctap
.executando ctap
.executando ctap
.executando ctap
.executando ctap
.executando ctap
.executando ctap
.executando ctap
.executando ctap
.executando ctap
.executando ctap
.executando ctap
.executando ctap
.executando ctap
.executando ctap
.                                                  16 / 16 (100%)executando ctap


Time: 32 ms, Memory: 4.00 MB

OK (16 tests, 19 assertions)
]0;andregoro@andregoro-PC3: /var/www/html/TDD_PHP[01;32mandregoro@andregoro-PC3[00m:[01;34m/var/www/html/TDD_PHP[00m$ [K]0;andregoro@andregoro-PC3: /var/www/html/TDD_PHP[01;32mandregoro@andregoro-PC3[00m:[01;34m/var/www/html/TDD_PHP[00m$ vendor/bin/phpunit tests[K[K[K[K[K[K
PHPUnit 8.5.31 by Sebastian Bergmann and contributors.

.executando ctap
.executando ctap
.executando ctap
.executando ctap
.executando ctap
.executando ctap
.executando ctap
.executando ctap
.executando ctap
.executando ctap
.executando ctap
.executando ctap
.executando ctap
.executando ctap
.executando ctap
.                                                  16 / 16 (100%)executando ctap


Time: 104 ms, Memory: 4.00 MB

[30;42mOK (16 tests, 19 assertions)[0m
]0;andregoro@andregoro-PC3: /var/www/html/TDD_PHP[01;32mandregoro@andregoro-PC3[00m:[01;34m/var/www/html/TDD_PHP[00m$ vendor/bin/phpunit
PHPUnit 8.5.31 by Sebastian Bergmann and contributors.

................                                                  16 / 16 (100%)

Time: 28 ms, Memory: 4.00 MB

[30;42mOK (16 tests, 19 assertions)[0m
]0;andregoro@andregoro-PC3: /var/www/html/TDD_PHP[01;32mandregoro@andregoro-PC3[00m:[01;34m/var/www/html/TDD_PHP[00m$ vendor/bin/phpunit
Criando em ordem crescente
Criando em ordem decrescente
Criando em ordem aleatÛria
Criando em ordem crescente
Criando em ordem decrescente
Criando em ordem aleatÛria
Criando em ordem crescente
Criando em ordem decrescente
Criando em ordem aleatÛria
Criando em ordem crescente
Criando em ordem decrescente
Criando em ordem aleatÛria
Criando em ordem crescente
Criando em ordem decrescente
Criando em ordem aleatÛria
PHPUnit 8.5.31 by Sebastian Bergmann and contributors.

[31;1mE[0m[31;1mE[0m[31;1mE[0m[31;1mE[0m[31;1mE[0m[31;1mE[0m[31;1mE[0m[31;1mE[0m[31;1mE[0m[31;1mE[0m[31;1mE[0m[31;1mE[0m[31;1mE[0m[31;1mE[0m[31;1mE[0m.                                                  16 / 16 (100%)

Time: 36 ms, Memory: 6.00 MB

There were 15 errors:

1) Alura\Leilao\Tests\Service\AvaliadorTest::testAvaliadorDeveEncontrarOMaiorValorDeLances with data set #0 (array(array(Alura\Leilao\Model\Leilao Object (...))))
TypeError: Alura\Leilao\Tests\Service\AvaliadorTest::testAvaliadorDeveEncontrarOMaiorValorDeLances(): Argument #1 ($leilao) must be of type Alura\Leilao\Model\Leilao, array given, called in /var/www/html/TDD_PHP/vendor/phpunit/phpunit/src/Framework/TestCase.php on line 1492

/var/www/html/TDD_PHP/tests/Service/AvaliadorTest.php:27

2) Alura\Leilao\Tests\Service\AvaliadorTest::testAvaliadorDeveEncontrarOMaiorValorDeLances with data set #1 (array(array(Alura\Leilao\Model\Leilao Object (...))))
TypeError: Alura\Leilao\Tests\Service\AvaliadorTest::testAvaliadorDeveEncontrarOMaiorValorDeLances(): Argument #1 ($leilao) must be of type Alura\Leilao\Model\Leilao, array given, called in /var/www/html/TDD_PHP/vendor/phpunit/phpunit/src/Framework/TestCase.php on line 1492

/var/www/html/TDD_PHP/tests/Service/AvaliadorTest.php:27

3) Alura\Leilao\Tests\Service\AvaliadorTest::testAvaliadorDeveEncontrarOMaiorValorDeLances with data set #2 (array(array(Alura\Leilao\Model\Leilao Object (...))))
TypeError: Alura\Leilao\Tests\Service\AvaliadorTest::testAvaliadorDeveEncontrarOMaiorValorDeLances(): Argument #1 ($leilao) must be of type Alura\Leilao\Model\Leilao, array given, called in /var/www/html/TDD_PHP/vendor/phpunit/phpunit/src/Framework/TestCase.php on line 1492

/var/www/html/TDD_PHP/tests/Service/AvaliadorTest.php:27

4) Alura\Leilao\Tests\Service\AvaliadorTest::testAvaliadorDeveEncontrarOMaiorValorDeLancesEmOrdemCrescente with data set #0 (array(array(Alura\Leilao\Model\Leilao Object (...))))
TypeError: Alura\Leilao\Tests\Service\AvaliadorTest::testAvaliadorDeveEncontrarOMaiorValorDeLancesEmOrdemCrescente(): Argument #1 ($leilao) must be of type Alura\Leilao\Model\Leilao, array given, called in /var/www/html/TDD_PHP/vendor/phpunit/phpunit/src/Framework/TestCase.php on line 1492

/var/www/html/TDD_PHP/tests/Service/AvaliadorTest.php:44

5) Alura\Leilao\Tests\Service\AvaliadorTest::testAvaliadorDeveEncontrarOMaiorValorDeLancesEmOrdemCrescente with data set #1 (array(array(Alura\Leilao\Model\Leilao Object (...))))
TypeError: Alura\Leilao\Tests\Service\AvaliadorTest::testAvaliadorDeveEncontrarOMaiorValorDeLancesEmOrdemCrescente(): Argument #1 ($leilao) must be of type Alura\Leilao\Model\Leilao, array given, called in /var/www/html/TDD_PHP/vendor/phpunit/phpunit/src/Framework/TestCase.php on line 1492

/var/www/html/TDD_PHP/tests/Service/AvaliadorTest.php:44

6) Alura\Leilao\Tests\Service\AvaliadorTest::testAvaliadorDeveEncontrarOMaiorValorDeLancesEmOrdemCrescente with data set #2 (array(array(Alura\Leilao\Model\Leilao Object (...))))
TypeError: Alura\Leilao\Tests\Service\AvaliadorTest::testAvaliadorDeveEncontrarOMaiorValorDeLancesEmOrdemCrescente(): Argument #1 ($leilao) must be of type Alura\Leilao\Model\Leilao, array given, called in /var/www/html/TDD_PHP/vendor/phpunit/phpunit/src/Framework/TestCase.php on line 1492

/var/www/html/TDD_PHP/tests/Service/AvaliadorTest.php:44

7) Alura\Leilao\Tests\Service\AvaliadorTest::testAvaliadorDeveEncontrarOMaiorValorDeLancesEmOrdemDecrescente with data set #0 (array(array(Alura\Leilao\Model\Leilao Object (...))))
TypeError: Alura\Leilao\Tests\Service\AvaliadorTest::testAvaliadorDeveEncontrarOMaiorValorDeLancesEmOrdemDecrescente(): Argument #1 ($leilao) must be of type Alura\Leilao\Model\Leilao, array given, called in /var/www/html/TDD_PHP/vendor/phpunit/phpunit/src/Framework/TestCase.php on line 1492

/var/www/html/TDD_PHP/tests/Service/AvaliadorTest.php:70

8) Alura\Leilao\Tests\Service\AvaliadorTest::testAvaliadorDeveEncontrarOMaiorValorDeLancesEmOrdemDecrescente with data set #1 (array(array(Alura\Leilao\Model\Leilao Object (...))))
TypeError: Alura\Leilao\Tests\Service\AvaliadorTest::testAvaliadorDeveEncontrarOMaiorValorDeLancesEmOrdemDecrescente(): Argument #1 ($leilao) must be of type Alura\Leilao\Model\Leilao, array given, called in /var/www/html/TDD_PHP/vendor/phpunit/phpunit/src/Framework/TestCase.php on line 1492

/var/www/html/TDD_PHP/tests/Service/AvaliadorTest.php:70

9) Alura\Leilao\Tests\Service\AvaliadorTest::testAvaliadorDeveEncontrarOMaiorValorDeLancesEmOrdemDecrescente with data set #2 (array(array(Alura\Leilao\Model\Leilao Object (...))))
TypeError: Alura\Leilao\Tests\Service\AvaliadorTest::testAvaliadorDeveEncontrarOMaiorValorDeLancesEmOrdemDecrescente(): Argument #1 ($leilao) must be of type Alura\Leilao\Model\Leilao, array given, called in /var/www/html/TDD_PHP/vendor/phpunit/phpunit/src/Framework/TestCase.php on line 1492

/var/www/html/TDD_PHP/tests/Service/AvaliadorTest.php:70

10) Alura\Leilao\Tests\Service\AvaliadorTest::testAvaliadorDeveEncontrarOMenorValorDeLancesEmOrdemDecrescente with data set #0 (array(array(Alura\Leilao\Model\Leilao Object (...))))
TypeError: Alura\Leilao\Tests\Service\AvaliadorTest::testAvaliadorDeveEncontrarOMenorValorDeLancesEmOrdemDecrescente(): Argument #1 ($leilao) must be of type Alura\Leilao\Model\Leilao, array given, called in /var/www/html/TDD_PHP/vendor/phpunit/phpunit/src/Framework/TestCase.php on line 1492

/var/www/html/TDD_PHP/tests/Service/AvaliadorTest.php:96

11) Alura\Leilao\Tests\Service\AvaliadorTest::testAvaliadorDeveEncontrarOMenorValorDeLancesEmOrdemDecrescente with data set #1 (array(array(Alura\Leilao\Model\Leilao Object (...))))
TypeError: Alura\Leilao\Tests\Service\AvaliadorTest::testAvaliadorDeveEncontrarOMenorValorDeLancesEmOrdemDecrescente(): Argument #1 ($leilao) must be of type Alura\Leilao\Model\Leilao, array given, called in /var/www/html/TDD_PHP/vendor/phpunit/phpunit/src/Framework/TestCase.php on line 1492

/var/www/html/TDD_PHP/tests/Service/AvaliadorTest.php:96

12) Alura\Leilao\Tests\Service\AvaliadorTest::testAvaliadorDeveEncontrarOMenorValorDeLancesEmOrdemDecrescente with data set #2 (array(array(Alura\Leilao\Model\Leilao Object (...))))
TypeError: Alura\Leilao\Tests\Service\AvaliadorTest::testAvaliadorDeveEncontrarOMenorValorDeLancesEmOrdemDecrescente(): Argument #1 ($leilao) must be of type Alura\Leilao\Model\Leilao, array given, called in /var/www/html/TDD_PHP/vendor/phpunit/phpunit/src/Framework/TestCase.php on line 1492

/var/www/html/TDD_PHP/tests/Service/AvaliadorTest.php:96

13) Alura\Leilao\Tests\Service\AvaliadorTest::testAvaliadorDeveEncontrarOMenorValorDeLancesEmOrdemCrescente with data set #0 (array(array(Alura\Leilao\Model\Leilao Object (...))))
TypeError: Alura\Leilao\Tests\Service\AvaliadorTest::testAvaliadorDeveEncontrarOMenorValorDeLancesEmOrdemCrescente(): Argument #1 ($leilao) must be of type Alura\Leilao\Model\Leilao, array given, called in /var/www/html/TDD_PHP/vendor/phpunit/phpunit/src/Framework/TestCase.php on line 1492

/var/www/html/TDD_PHP/tests/Service/AvaliadorTest.php:122

14) Alura\Leilao\Tests\Service\AvaliadorTest::testAvaliadorDeveEncontrarOMenorValorDeLancesEmOrdemCrescente with data set #1 (array(array(Alura\Leilao\Model\Leilao Object (...))))
TypeError: Alura\Leilao\Tests\Service\AvaliadorTest::testAvaliadorDeveEncontrarOMenorValorDeLancesEmOrdemCrescente(): Argument #1 ($leilao) must be of type Alura\Leilao\Model\Leilao, array given, called in /var/www/html/TDD_PHP/vendor/phpunit/phpunit/src/Framework/TestCase.php on line 1492

/var/www/html/TDD_PHP/tests/Service/AvaliadorTest.php:122

15) Alura\Leilao\Tests\Service\AvaliadorTest::testAvaliadorDeveEncontrarOMenorValorDeLancesEmOrdemCrescente with data set #2 (array(array(Alura\Leilao\Model\Leilao Object (...))))
TypeError: Alura\Leilao\Tests\Service\AvaliadorTest::testAvaliadorDeveEncontrarOMenorValorDeLancesEmOrdemCrescente(): Argument #1 ($leilao) must be of type Alura\Leilao\Model\Leilao, array given, called in /var/www/html/TDD_PHP/vendor/phpunit/phpunit/src/Framework/TestCase.php on line 1492

/var/www/html/TDD_PHP/tests/Service/AvaliadorTest.php:122

[37;41mERRORS![0m
[37;41mTests: 16[0m[37;41m, Assertions: 4[0m[37;41m, Errors: 15[0m[37;41m.[0m
]0;andregoro@andregoro-PC3: /var/www/html/TDD_PHP[01;32mandregoro@andregoro-PC3[00m:[01;34m/var/www/html/TDD_PHP[00m$ vendor/bin/phpunit
Criando em ordem crescente
Criando em ordem decrescente
Criando em ordem aleatÛria
Criando em ordem crescente
Criando em ordem decrescente
Criando em ordem aleatÛria
Criando em ordem crescente
Criando em ordem decrescente
Criando em ordem aleatÛria
Criando em ordem crescente
Criando em ordem decrescente
Criando em ordem aleatÛria
Criando em ordem crescente
Criando em ordem decrescente
Criando em ordem aleatÛria
PHPUnit 8.5.31 by Sebastian Bergmann and contributors.

...............[31;1mE[0m                                                  16 / 16 (100%)

Time: 36 ms, Memory: 4.00 MB

There was 1 error:

1) Alura\Leilao\Tests\Service\AvaliadorTest::testAvaliadorDeveBuscar3MaioresValores
ArgumentCountError: Too few arguments to function Alura\Leilao\Tests\Service\AvaliadorTest::testAvaliadorDeveBuscar3MaioresValores(), 0 passed in /var/www/html/TDD_PHP/vendor/phpunit/phpunit/src/Framework/TestCase.php on line 1492 and exactly 1 expected

/var/www/html/TDD_PHP/tests/Service/AvaliadorTest.php:146

[37;41mERRORS![0m
[37;41mTests: 16[0m[37;41m, Assertions: 15[0m[37;41m, Errors: 1[0m[37;41m.[0m
]0;andregoro@andregoro-PC3: /var/www/html/TDD_PHP[01;32mandregoro@andregoro-PC3[00m:[01;34m/var/www/html/TDD_PHP[00m$ vendor/bin/phpunit
Criando em ordem crescente
Criando em ordem decrescente
Criando em ordem aleatÛria
Criando em ordem crescente
Criando em ordem decrescente
Criando em ordem aleatÛria
Criando em ordem crescente
Criando em ordem decrescente
Criando em ordem aleatÛria
Criando em ordem crescente
Criando em ordem decrescente
Criando em ordem aleatÛria
Criando em ordem crescente
Criando em ordem decrescente
Criando em ordem aleatÛria
Criando em ordem crescente
Criando em ordem decrescente
Criando em ordem aleatÛria
PHPUnit 8.5.31 by Sebastian Bergmann and contributors.

...............[41;37mF[0m[41;37mF[0m[41;37mF[0m                                                18 / 18 (100%)

Time: 32 ms, Memory: 4.00 MB

There were 3 failures:

1) Alura\Leilao\Tests\Service\AvaliadorTest::testAvaliadorDeveBuscar3MaioresValores with data set #0 (Alura\Leilao\Model\Leilao Object (...))
Failed asserting that actual size 3 matches expected size 2.

/var/www/html/TDD_PHP/tests/Service/AvaliadorTest.php:165

2) Alura\Leilao\Tests\Service\AvaliadorTest::testAvaliadorDeveBuscar3MaioresValores with data set #1 (Alura\Leilao\Model\Leilao Object (...))
Failed asserting that actual size 3 matches expected size 2.

/var/www/html/TDD_PHP/tests/Service/AvaliadorTest.php:165

3) Alura\Leilao\Tests\Service\AvaliadorTest::testAvaliadorDeveBuscar3MaioresValores with data set #2 (Alura\Leilao\Model\Leilao Object (...))
Failed asserting that actual size 3 matches expected size 2.

/var/www/html/TDD_PHP/tests/Service/AvaliadorTest.php:165

[37;41mFAILURES![0m
[37;41mTests: 18[0m[37;41m, Assertions: 18[0m[37;41m, Failures: 3[0m[37;41m.[0m
]0;andregoro@andregoro-PC3: /var/www/html/TDD_PHP[01;32mandregoro@andregoro-PC3[00m:[01;34m/var/www/html/TDD_PHP[00m$ [K]0;andregoro@andregoro-PC3: /var/www/html/TDD_PHP[01;32mandregoro@andregoro-PC3[00m:[01;34m/var/www/html/TDD_PHP[00m$ [K]0;andregoro@andregoro-PC3: /var/www/html/TDD_PHP[01;32mandregoro@andregoro-PC3[00m:[01;34m/var/www/html/TDD_PHP[00m$ [K]0;andregoro@andregoro-PC3: /var/www/html/TDD_PHP[01;32mandregoro@andregoro-PC3[00m:[01;34m/var/www/html/TDD_PHP[00m$ vendor/bin/phpunit
Criando em ordem crescente
Criando em ordem decrescente
Criando em ordem aleatÛria
Criando em ordem crescente
Criando em ordem decrescente
Criando em ordem aleatÛria
Criando em ordem crescente
Criando em ordem decrescente
Criando em ordem aleatÛria
Criando em ordem crescente
Criando em ordem decrescente
Criando em ordem aleatÛria
Criando em ordem crescente
Criando em ordem decrescente
Criando em ordem aleatÛria
Criando em ordem crescente
Criando em ordem decrescente
Criando em ordem aleatÛria
PHPUnit 8.5.31 by Sebastian Bergmann and contributors.

..................                                                18 / 18 (100%)

Time: 37 ms, Memory: 4.00 MB

[30;42mOK (18 tests, 27 assertions)[0m
]0;andregoro@andregoro-PC3: /var/www/html/TDD_PHP[01;32mandregoro@andregoro-PC3[00m:[01;34m/var/www/html/TDD_PHP[00m$ vendor/bin/phpunit
Could not load "/var/www/html/TDD_PHP/phpunit.xml".

Opening and ending tag mismatch: log line 11 and logging

Opening and ending tag mismatch: logging line 10 and phpunit

Premature end of data in tag phpunit line 1

]0;andregoro@andregoro-PC3: /var/www/html/TDD_PHP[01;32mandregoro@andregoro-PC3[00m:[01;34m/var/www/html/TDD_PHP[00m$ [K]0;andregoro@andregoro-PC3: /var/www/html/TDD_PHP[01;32mandregoro@andregoro-PC3[00m:[01;34m/var/www/html/TDD_PHP[00m$ vendor/bin/phpunit
Could not load "/var/www/html/TDD_PHP/phpunit.xml".

Opening and ending tag mismatch: log line 11 and logging

Opening and ending tag mismatch: logging line 10 and phpunit

Premature end of data in tag phpunit line 1

]0;andregoro@andregoro-PC3: /var/www/html/TDD_PHP[01;32mandregoro@andregoro-PC3[00m:[01;34m/var/www/html/TDD_PHP[00m$ vendor/bin/phpunit
Criando em ordem crescente
Criando em ordem decrescente
Criando em ordem aleatÛria
Criando em ordem crescente
Criando em ordem decrescente
Criando em ordem aleatÛria
Criando em ordem crescente
Criando em ordem decrescente
Criando em ordem aleatÛria
Criando em ordem crescente
Criando em ordem decrescente
Criando em ordem aleatÛria
Criando em ordem crescente
Criando em ordem decrescente
Criando em ordem aleatÛria
Criando em ordem crescente
Criando em ordem decrescente
Criando em ordem aleatÛria
PHPUnit 8.5.31 by Sebastian Bergmann and contributors.

..................                                                18 / 18 (100%)

Time: 77 ms, Memory: 4.00 MB

[30;42mOK (18 tests, 27 assertions)[0m
]0;andregoro@andregoro-PC3: /var/www/html/TDD_PHP[01;32mandregoro@andregoro-PC3[00m:[01;34m/var/www/html/TDD_PHP[00m$ ^C
]0;andregoro@andregoro-PC3: /var/www/html/TDD_PHP[01;32mandregoro@andregoro-PC3[00m:[01;34m/var/www/html/TDD_PHP[00m$ ^C
]0;andregoro@andregoro-PC3: /var/www/html/TDD_PHP[01;32mandregoro@andregoro-PC3[00m:[01;34m/var/www/html/TDD_PHP[00m$ vendor/bin/phpunit
Criando em ordem crescente
Criando em ordem decrescente
Criando em ordem aleatoria
Criando em ordem crescente
Criando em ordem decrescente
Criando em ordem aleatoria
Criando em ordem crescente
Criando em ordem decrescente
Criando em ordem aleatoria
Criando em ordem crescente
Criando em ordem decrescente
Criando em ordem aleatoria
Criando em ordem crescente
Criando em ordem decrescente
Criando em ordem aleatoria
Criando em ordem crescente
Criando em ordem decrescente
Criando em ordem aleatoria
PHPUnit 8.5.31 by Sebastian Bergmann and contributors.

..................                                                18 / 18 (100%)

Time: 39 ms, Memory: 4.00 MB

[30;42mOK (18 tests, 27 assertions)[0m
]0;andregoro@andregoro-PC3: /var/www/html/TDD_PHP[01;32mandregoro@andregoro-PC3[00m:[01;34m/var/www/html/TDD_PHP[00m$ vendor/bin/phpunit
Criando em ordem crescente
Criando em ordem decrescente
Criando em ordem aleatoria
Criando em ordem crescente
Criando em ordem decrescente
Criando em ordem aleatoria
Criando em ordem crescente
Criando em ordem decrescente
Criando em ordem aleatoria
Criando em ordem crescente
Criando em ordem decrescente
Criando em ordem aleatoria
Criando em ordem crescente
Criando em ordem decrescente
Criando em ordem aleatoria
Criando em ordem crescente
Criando em ordem decrescente
Criando em ordem aleatoria
PHPUnit 8.5.31 by Sebastian Bergmann and contributors.

..................                                                18 / 18 (100%)

Time: 62 ms, Memory: 4.00 MB

[30;42mOK (18 tests, 27 assertions)[0m
]0;andregoro@andregoro-PC3: /var/www/html/TDD_PHP[01;32mandregoro@andregoro-PC3[00m:[01;34m/var/www/html/TDD_PHP[00m$ vendor/bin/phpunit
Criando em ordem crescente
Criando em ordem decrescente
Criando em ordem aleatoria
Criando em ordem crescente
Criando em ordem decrescente
Criando em ordem aleatoria
Criando em ordem crescente
Criando em ordem decrescente
Criando em ordem aleatoria
Criando em ordem crescente
Criando em ordem decrescente
Criando em ordem aleatoria
Criando em ordem crescente
Criando em ordem decrescente
Criando em ordem aleatoria
Criando em ordem crescente
Criando em ordem decrescente
Criando em ordem aleatoria
PHPUnit 8.5.31 by Sebastian Bergmann and contributors.

..[31;1mE[0m..[31;1mE[0m..[31;1mE[0m..[31;1mE[0m..[31;1mE[0m..[31;1mE[0m                                                18 / 18 (100%)

Time: 43 ms, Memory: 4.00 MB

There were 6 errors:

1) Alura\Leilao\Tests\Service\AvaliadorTest::testAvaliadorDeveEncontrarOMaiorValorDeLances with data set #2 (array(Alura\Leilao\Model\Leilao Object (...)))
TypeError: Alura\Leilao\Tests\Service\AvaliadorTest::testAvaliadorDeveEncontrarOMaiorValorDeLances(): Argument #1 ($leilao) must be of type Alura\Leilao\Model\Leilao, array given, called in /var/www/html/TDD_PHP/vendor/phpunit/phpunit/src/Framework/TestCase.php on line 1492

/var/www/html/TDD_PHP/tests/Service/AvaliadorTest.php:27

2) Alura\Leilao\Tests\Service\AvaliadorTest::testAvaliadorDeveEncontrarOMaiorValorDeLancesEmOrdemCrescente with data set #2 (array(Alura\Leilao\Model\Leilao Object (...)))
TypeError: Alura\Leilao\Tests\Service\AvaliadorTest::testAvaliadorDeveEncontrarOMaiorValorDeLancesEmOrdemCrescente(): Argument #1 ($leilao) must be of type Alura\Leilao\Model\Leilao, array given, called in /var/www/html/TDD_PHP/vendor/phpunit/phpunit/src/Framework/TestCase.php on line 1492

/var/www/html/TDD_PHP/tests/Service/AvaliadorTest.php:44

3) Alura\Leilao\Tests\Service\AvaliadorTest::testAvaliadorDeveEncontrarOMaiorValorDeLancesEmOrdemDecrescente with data set #2 (array(Alura\Leilao\Model\Leilao Object (...)))
TypeError: Alura\Leilao\Tests\Service\AvaliadorTest::testAvaliadorDeveEncontrarOMaiorValorDeLancesEmOrdemDecrescente(): Argument #1 ($leilao) must be of type Alura\Leilao\Model\Leilao, array given, called in /var/www/html/TDD_PHP/vendor/phpunit/phpunit/src/Framework/TestCase.php on line 1492

/var/www/html/TDD_PHP/tests/Service/AvaliadorTest.php:70

4) Alura\Leilao\Tests\Service\AvaliadorTest::testAvaliadorDeveEncontrarOMenorValorDeLancesEmOrdemDecrescente with data set #2 (array(Alura\Leilao\Model\Leilao Object (...)))
TypeError: Alura\Leilao\Tests\Service\AvaliadorTest::testAvaliadorDeveEncontrarOMenorValorDeLancesEmOrdemDecrescente(): Argument #1 ($leilao) must be of type Alura\Leilao\Model\Leilao, array given, called in /var/www/html/TDD_PHP/vendor/phpunit/phpunit/src/Framework/TestCase.php on line 1492

/var/www/html/TDD_PHP/tests/Service/AvaliadorTest.php:96

5) Alura\Leilao\Tests\Service\AvaliadorTest::testAvaliadorDeveEncontrarOMenorValorDeLancesEmOrdemCrescente with data set #2 (array(Alura\Leilao\Model\Leilao Object (...)))
TypeError: Alura\Leilao\Tests\Service\AvaliadorTest::testAvaliadorDeveEncontrarOMenorValorDeLancesEmOrdemCrescente(): Argument #1 ($leilao) must be of type Alura\Leilao\Model\Leilao, array given, called in /var/www/html/TDD_PHP/vendor/phpunit/phpunit/src/Framework/TestCase.php on line 1492

/var/www/html/TDD_PHP/tests/Service/AvaliadorTest.php:122

6) Alura\Leilao\Tests\Service\AvaliadorTest::testAvaliadorDeveBuscar3MaioresValores with data set #2 (array(Alura\Leilao\Model\Leilao Object (...)))
TypeError: Alura\Leilao\Tests\Service\AvaliadorTest::testAvaliadorDeveBuscar3MaioresValores(): Argument #1 ($leilao) must be of type Alura\Leilao\Model\Leilao, array given, called in /var/www/html/TDD_PHP/vendor/phpunit/phpunit/src/Framework/TestCase.php on line 1492

/var/www/html/TDD_PHP/tests/Service/AvaliadorTest.php:148

[37;41mERRORS![0m
[37;41mTests: 18[0m[37;41m, Assertions: 18[0m[37;41m, Errors: 6[0m[37;41m.[0m
]0;andregoro@andregoro-PC3: /var/www/html/TDD_PHP[01;32mandregoro@andregoro-PC3[00m:[01;34m/var/www/html/TDD_PHP[00m$ vendor/bin/phpunit
Criando em ordem crescente
Criando em ordem decrescente
Criando em ordem aleatoria
Criando em ordem crescente
Criando em ordem decrescente
Criando em ordem aleatoria
Criando em ordem crescente
Criando em ordem decrescente
Criando em ordem aleatoria
Criando em ordem crescente
Criando em ordem decrescente
Criando em ordem aleatoria
Criando em ordem crescente
Criando em ordem decrescente
Criando em ordem aleatoria
Criando em ordem crescente
Criando em ordem decrescente
Criando em ordem aleatoria
PHPUnit 8.5.31 by Sebastian Bergmann and contributors.

..[31;1mE[0m..[31;1mE[0m..[31;1mE[0m..[31;1mE[0m..[31;1mE[0m..[31;1mE[0m                                                18 / 18 (100%)

Time: 45 ms, Memory: 4.00 MB

There were 6 errors:

1) Alura\Leilao\Tests\Service\AvaliadorTest::testAvaliadorDeveEncontrarOMaiorValorDeLances with data set #2 (array(Alura\Leilao\Model\Leilao Object (...)))
TypeError: Alura\Leilao\Tests\Service\AvaliadorTest::testAvaliadorDeveEncontrarOMaiorValorDeLances(): Argument #1 ($leilao) must be of type Alura\Leilao\Model\Leilao, array given, called in /var/www/html/TDD_PHP/vendor/phpunit/phpunit/src/Framework/TestCase.php on line 1492

/var/www/html/TDD_PHP/tests/Service/AvaliadorTest.php:27

2) Alura\Leilao\Tests\Service\AvaliadorTest::testAvaliadorDeveEncontrarOMaiorValorDeLancesEmOrdemCrescente with data set #2 (array(Alura\Leilao\Model\Leilao Object (...)))
TypeError: Alura\Leilao\Tests\Service\AvaliadorTest::testAvaliadorDeveEncontrarOMaiorValorDeLancesEmOrdemCrescente(): Argument #1 ($leilao) must be of type Alura\Leilao\Model\Leilao, array given, called in /var/www/html/TDD_PHP/vendor/phpunit/phpunit/src/Framework/TestCase.php on line 1492

/var/www/html/TDD_PHP/tests/Service/AvaliadorTest.php:44

3) Alura\Leilao\Tests\Service\AvaliadorTest::testAvaliadorDeveEncontrarOMaiorValorDeLancesEmOrdemDecrescente with data set #2 (array(Alura\Leilao\Model\Leilao Object (...)))
TypeError: Alura\Leilao\Tests\Service\AvaliadorTest::testAvaliadorDeveEncontrarOMaiorValorDeLancesEmOrdemDecrescente(): Argument #1 ($leilao) must be of type Alura\Leilao\Model\Leilao, array given, called in /var/www/html/TDD_PHP/vendor/phpunit/phpunit/src/Framework/TestCase.php on line 1492

/var/www/html/TDD_PHP/tests/Service/AvaliadorTest.php:70

4) Alura\Leilao\Tests\Service\AvaliadorTest::testAvaliadorDeveEncontrarOMenorValorDeLancesEmOrdemDecrescente with data set #2 (array(Alura\Leilao\Model\Leilao Object (...)))
TypeError: Alura\Leilao\Tests\Service\AvaliadorTest::testAvaliadorDeveEncontrarOMenorValorDeLancesEmOrdemDecrescente(): Argument #1 ($leilao) must be of type Alura\Leilao\Model\Leilao, array given, called in /var/www/html/TDD_PHP/vendor/phpunit/phpunit/src/Framework/TestCase.php on line 1492

/var/www/html/TDD_PHP/tests/Service/AvaliadorTest.php:96

5) Alura\Leilao\Tests\Service\AvaliadorTest::testAvaliadorDeveEncontrarOMenorValorDeLancesEmOrdemCrescente with data set #2 (array(Alura\Leilao\Model\Leilao Object (...)))
TypeError: Alura\Leilao\Tests\Service\AvaliadorTest::testAvaliadorDeveEncontrarOMenorValorDeLancesEmOrdemCrescente(): Argument #1 ($leilao) must be of type Alura\Leilao\Model\Leilao, array given, called in /var/www/html/TDD_PHP/vendor/phpunit/phpunit/src/Framework/TestCase.php on line 1492

/var/www/html/TDD_PHP/tests/Service/AvaliadorTest.php:122

6) Alura\Leilao\Tests\Service\AvaliadorTest::testAvaliadorDeveBuscar3MaioresValores with data set #2 (array(Alura\Leilao\Model\Leilao Object (...)))
TypeError: Alura\Leilao\Tests\Service\AvaliadorTest::testAvaliadorDeveBuscar3MaioresValores(): Argument #1 ($leilao) must be of type Alura\Leilao\Model\Leilao, array given, called in /var/www/html/TDD_PHP/vendor/phpunit/phpunit/src/Framework/TestCase.php on line 1492

/var/www/html/TDD_PHP/tests/Service/AvaliadorTest.php:148

[37;41mERRORS![0m
[37;41mTests: 18[0m[37;41m, Assertions: 18[0m[37;41m, Errors: 6[0m[37;41m.[0m
]0;andregoro@andregoro-PC3: /var/www/html/TDD_PHP[01;32mandregoro@andregoro-PC3[00m:[01;34m/var/www/html/TDD_PHP[00m$ vendor/bin/phpunit
Criando em ordem crescente
Criando em ordem decrescente
Criando em ordem aleatoria
Criando em ordem crescente
Criando em ordem decrescente
Criando em ordem aleatoria
Criando em ordem crescente
Criando em ordem decrescente
Criando em ordem aleatoria
Criando em ordem crescente
Criando em ordem decrescente
Criando em ordem aleatoria
Criando em ordem crescente
Criando em ordem decrescente
Criando em ordem aleatoria
Criando em ordem crescente
Criando em ordem decrescente
Criando em ordem aleatoria
PHPUnit 8.5.31 by Sebastian Bergmann and contributors.

..................                                                18 / 18 (100%)

Time: 33 ms, Memory: 4.00 MB

[30;42mOK (18 tests, 27 assertions)[0m
]0;andregoro@andregoro-PC3: /var/www/html/TDD_PHP[01;32mandregoro@andregoro-PC3[00m:[01;34m/var/www/html/TDD_PHP[00m$ vendor/bin/phpunit
Criando em ordem crescente
Criando em ordem decrescente
Criando em ordem aleatoria
Criando em ordem aleatoria
Criando em ordem crescente
Criando em ordem decrescente
Criando em ordem crescente
Criando em ordem decrescente
Criando em ordem aleatoria
Criando em ordem crescente
Criando em ordem decrescente
Criando em ordem aleatoria
Criando em ordem crescente
Criando em ordem decrescente
Criando em ordem aleatoria
Criando em ordem crescente
Criando em ordem decrescente
Criando em ordem aleatoria
PHPUnit 8.5.31 by Sebastian Bergmann and contributors.

...[36;1mS[0m............                                                  16 / 16 (100%)

Time: 91 ms, Memory: 6.00 MB

[30;43mOK, but incomplete, skipped, or risky tests![0m
[30;43mTests: 16[0m[30;43m, Assertions: 24[0m[30;43m, Skipped: 1[0m[30;43m.[0m
]0;andregoro@andregoro-PC3: /var/www/html/TDD_PHP[01;32mandregoro@andregoro-PC3[00m:[01;34m/var/www/html/TDD_PHP[00m$ vendor/bin/phpunit
Criando em ordem crescente
Criando em ordem decrescente
Criando em ordem aleatoria
Criando em ordem aleatoria
Criando em ordem crescente
Criando em ordem decrescente
Criando em ordem crescente
Criando em ordem decrescente
Criando em ordem aleatoria
Criando em ordem crescente
Criando em ordem decrescente
Criando em ordem aleatoria
Criando em ordem crescente
Criando em ordem decrescente
Criando em ordem aleatoria
Criando em ordem crescente
Criando em ordem decrescente
Criando em ordem aleatoria
PHPUnit 8.5.31 by Sebastian Bergmann and contributors.

[31;1mE[0m[31;1mE[0m[31;1mE[0m...[31;1mE[0m[31;1mE[0m[31;1mE[0m[31;1mE[0m[31;1mE[0m[31;1mE[0m[31;1mE[0m[31;1mE[0m[31;1mE[0m[31;1mE[0m[31;1mE[0m[31;1mE[0m                                                18 / 18 (100%)

Time: 40 ms, Memory: 6.00 MB

There were 15 errors:

1) Alura\Leilao\Tests\Service\AvaliadorTest::testAvaliadorDeveEncontrarOMaiorValorDeLances with data set #0 (array(array(Alura\Leilao\Model\Leilao Object (...))))
TypeError: Alura\Leilao\Tests\Service\AvaliadorTest::testAvaliadorDeveEncontrarOMaiorValorDeLances(): Argument #1 ($leilao) must be of type Alura\Leilao\Model\Leilao, array given, called in /var/www/html/TDD_PHP/vendor/phpunit/phpunit/src/Framework/TestCase.php on line 1492

/var/www/html/TDD_PHP/tests/Service/AvaliadorTest.php:27

2) Alura\Leilao\Tests\Service\AvaliadorTest::testAvaliadorDeveEncontrarOMaiorValorDeLances with data set #1 (array(array(Alura\Leilao\Model\Leilao Object (...))))
TypeError: Alura\Leilao\Tests\Service\AvaliadorTest::testAvaliadorDeveEncontrarOMaiorValorDeLances(): Argument #1 ($leilao) must be of type Alura\Leilao\Model\Leilao, array given, called in /var/www/html/TDD_PHP/vendor/phpunit/phpunit/src/Framework/TestCase.php on line 1492

/var/www/html/TDD_PHP/tests/Service/AvaliadorTest.php:27

3) Alura\Leilao\Tests\Service\AvaliadorTest::testAvaliadorDeveEncontrarOMaiorValorDeLances with data set #2 (array(array(Alura\Leilao\Model\Leilao Object (...))))
TypeError: Alura\Leilao\Tests\Service\AvaliadorTest::testAvaliadorDeveEncontrarOMaiorValorDeLances(): Argument #1 ($leilao) must be of type Alura\Leilao\Model\Leilao, array given, called in /var/www/html/TDD_PHP/vendor/phpunit/phpunit/src/Framework/TestCase.php on line 1492

/var/www/html/TDD_PHP/tests/Service/AvaliadorTest.php:27

4) Alura\Leilao\Tests\Service\AvaliadorTest::testAvaliadorDeveEncontrarOMaiorValorDeLancesEmOrdemDecrescente with data set #0 (array(array(Alura\Leilao\Model\Leilao Object (...))))
TypeError: Alura\Leilao\Tests\Service\AvaliadorTest::testAvaliadorDeveEncontrarOMaiorValorDeLancesEmOrdemDecrescente(): Argument #1 ($leilao) must be of type Alura\Leilao\Model\Leilao, array given, called in /var/www/html/TDD_PHP/vendor/phpunit/phpunit/src/Framework/TestCase.php on line 1492

/var/www/html/TDD_PHP/tests/Service/AvaliadorTest.php:72

5) Alura\Leilao\Tests\Service\AvaliadorTest::testAvaliadorDeveEncontrarOMaiorValorDeLancesEmOrdemDecrescente with data set #1 (array(array(Alura\Leilao\Model\Leilao Object (...))))
TypeError: Alura\Leilao\Tests\Service\AvaliadorTest::testAvaliadorDeveEncontrarOMaiorValorDeLancesEmOrdemDecrescente(): Argument #1 ($leilao) must be of type Alura\Leilao\Model\Leilao, array given, called in /var/www/html/TDD_PHP/vendor/phpunit/phpunit/src/Framework/TestCase.php on line 1492

/var/www/html/TDD_PHP/tests/Service/AvaliadorTest.php:72

6) Alura\Leilao\Tests\Service\AvaliadorTest::testAvaliadorDeveEncontrarOMaiorValorDeLancesEmOrdemDecrescente with data set #2 (array(array(Alura\Leilao\Model\Leilao Object (...))))
TypeError: Alura\Leilao\Tests\Service\AvaliadorTest::testAvaliadorDeveEncontrarOMaiorValorDeLancesEmOrdemDecrescente(): Argument #1 ($leilao) must be of type Alura\Leilao\Model\Leilao, array given, called in /var/www/html/TDD_PHP/vendor/phpunit/phpunit/src/Framework/TestCase.php on line 1492

/var/www/html/TDD_PHP/tests/Service/AvaliadorTest.php:72

7) Alura\Leilao\Tests\Service\AvaliadorTest::testAvaliadorDeveEncontrarOMenorValorDeLancesEmOrdemDecrescente with data set #0 (array(array(Alura\Leilao\Model\Leilao Object (...))))
TypeError: Alura\Leilao\Tests\Service\AvaliadorTest::testAvaliadorDeveEncontrarOMenorValorDeLancesEmOrdemDecrescente(): Argument #1 ($leilao) must be of type Alura\Leilao\Model\Leilao, array given, called in /var/www/html/TDD_PHP/vendor/phpunit/phpunit/src/Framework/TestCase.php on line 1492

/var/www/html/TDD_PHP/tests/Service/AvaliadorTest.php:98

8) Alura\Leilao\Tests\Service\AvaliadorTest::testAvaliadorDeveEncontrarOMenorValorDeLancesEmOrdemDecrescente with data set #1 (array(array(Alura\Leilao\Model\Leilao Object (...))))
TypeError: Alura\Leilao\Tests\Service\AvaliadorTest::testAvaliadorDeveEncontrarOMenorValorDeLancesEmOrdemDecrescente(): Argument #1 ($leilao) must be of type Alura\Leilao\Model\Leilao, array given, called in /var/www/html/TDD_PHP/vendor/phpunit/phpunit/src/Framework/TestCase.php on line 1492

/var/www/html/TDD_PHP/tests/Service/AvaliadorTest.php:98

9) Alura\Leilao\Tests\Service\AvaliadorTest::testAvaliadorDeveEncontrarOMenorValorDeLancesEmOrdemDecrescente with data set #2 (array(array(Alura\Leilao\Model\Leilao Object (...))))
TypeError: Alura\Leilao\Tests\Service\AvaliadorTest::testAvaliadorDeveEncontrarOMenorValorDeLancesEmOrdemDecrescente(): Argument #1 ($leilao) must be of type Alura\Leilao\Model\Leilao, array given, called in /var/www/html/TDD_PHP/vendor/phpunit/phpunit/src/Framework/TestCase.php on line 1492

/var/www/html/TDD_PHP/tests/Service/AvaliadorTest.php:98

10) Alura\Leilao\Tests\Service\AvaliadorTest::testAvaliadorDeveEncontrarOMenorValorDeLancesEmOrdemCrescente with data set #0 (array(array(Alura\Leilao\Model\Leilao Object (...))))
TypeError: Alura\Leilao\Tests\Service\AvaliadorTest::testAvaliadorDeveEncontrarOMenorValorDeLancesEmOrdemCrescente(): Argument #1 ($leilao) must be of type Alura\Leilao\Model\Leilao, array given, called in /var/www/html/TDD_PHP/vendor/phpunit/phpunit/src/Framework/TestCase.php on line 1492

/var/www/html/TDD_PHP/tests/Service/AvaliadorTest.php:124

11) Alura\Leilao\Tests\Service\AvaliadorTest::testAvaliadorDeveEncontrarOMenorValorDeLancesEmOrdemCrescente with data set #1 (array(array(Alura\Leilao\Model\Leilao Object (...))))
TypeError: Alura\Leilao\Tests\Service\AvaliadorTest::testAvaliadorDeveEncontrarOMenorValorDeLancesEmOrdemCrescente(): Argument #1 ($leilao) must be of type Alura\Leilao\Model\Leilao, array given, called in /var/www/html/TDD_PHP/vendor/phpunit/phpunit/src/Framework/TestCase.php on line 1492

/var/www/html/TDD_PHP/tests/Service/AvaliadorTest.php:124

12) Alura\Leilao\Tests\Service\AvaliadorTest::testAvaliadorDeveEncontrarOMenorValorDeLancesEmOrdemCrescente with data set #2 (array(array(Alura\Leilao\Model\Leilao Object (...))))
TypeError: Alura\Leilao\Tests\Service\AvaliadorTest::testAvaliadorDeveEncontrarOMenorValorDeLancesEmOrdemCrescente(): Argument #1 ($leilao) must be of type Alura\Leilao\Model\Leilao, array given, called in /var/www/html/TDD_PHP/vendor/phpunit/phpunit/src/Framework/TestCase.php on line 1492

/var/www/html/TDD_PHP/tests/Service/AvaliadorTest.php:124

13) Alura\Leilao\Tests\Service\AvaliadorTest::testAvaliadorDeveBuscar3MaioresValores with data set #0 (array(array(Alura\Leilao\Model\Leilao Object (...))))
TypeError: Alura\Leilao\Tests\Service\AvaliadorTest::testAvaliadorDeveBuscar3MaioresValores(): Argument #1 ($leilao) must be of type Alura\Leilao\Model\Leilao, array given, called in /var/www/html/TDD_PHP/vendor/phpunit/phpunit/src/Framework/TestCase.php on line 1492

/var/www/html/TDD_PHP/tests/Service/AvaliadorTest.php:150

14) Alura\Leilao\Tests\Service\AvaliadorTest::testAvaliadorDeveBuscar3MaioresValores with data set #1 (array(array(Alura\Leilao\Model\Leilao Object (...))))
TypeError: Alura\Leilao\Tests\Service\AvaliadorTest::testAvaliadorDeveBuscar3MaioresValores(): Argument #1 ($leilao) must be of type Alura\Leilao\Model\Leilao, array given, called in /var/www/html/TDD_PHP/vendor/phpunit/phpunit/src/Framework/TestCase.php on line 1492

/var/www/html/TDD_PHP/tests/Service/AvaliadorTest.php:150

15) Alura\Leilao\Tests\Service\AvaliadorTest::testAvaliadorDeveBuscar3MaioresValores with data set #2 (array(array(Alura\Leilao\Model\Leilao Object (...))))
TypeError: Alura\Leilao\Tests\Service\AvaliadorTest::testAvaliadorDeveBuscar3MaioresValores(): Argument #1 ($leilao) must be of type Alura\Leilao\Model\Leilao, array given, called in /var/www/html/TDD_PHP/vendor/phpunit/phpunit/src/Framework/TestCase.php on line 1492

/var/www/html/TDD_PHP/tests/Service/AvaliadorTest.php:150

[37;41mERRORS![0m
[37;41mTests: 18[0m[37;41m, Assertions: 3[0m[37;41m, Errors: 15[0m[37;41m.[0m
]0;andregoro@andregoro-PC3: /var/www/html/TDD_PHP[01;32mandregoro@andregoro-PC3[00m:[01;34m/var/www/